{"C:\\Users\\Mr Robot\\Desktop\\Backend\\api\\app.ts": {"path":"C:\\Users\\Mr Robot\\Desktop\\Backend\\api\\app.ts","statementMap":{"0":{"start":{"line":1,"column":0},"end":{"line":1,"column":67}},"1":{"start":{"line":2,"column":0},"end":{"line":2,"column":28}},"2":{"start":{"line":3,"column":0},"end":{"line":3,"column":37}},"3":{"start":{"line":4,"column":0},"end":{"line":4,"column":32}},"4":{"start":{"line":5,"column":0},"end":{"line":5,"column":28}},"5":{"start":{"line":6,"column":0},"end":{"line":6,"column":41}},"6":{"start":{"line":7,"column":0},"end":{"line":7,"column":43}},"7":{"start":{"line":8,"column":0},"end":{"line":8,"column":43}},"8":{"start":{"line":10,"column":0},"end":{"line":10,"column":16}},"9":{"start":{"line":12,"column":12},"end":{"line":12,"column":21}},"10":{"start":{"line":15,"column":0},"end":{"line":15,"column":23}},"11":{"start":{"line":16,"column":0},"end":{"line":16,"column":47}},"12":{"start":{"line":17,"column":0},"end":{"line":17,"column":52}},"13":{"start":{"line":18,"column":0},"end":{"line":18,"column":27}},"14":{"start":{"line":21,"column":0},"end":{"line":32,"column":3}},"15":{"start":{"line":22,"column":2},"end":{"line":22,"column":49}},"16":{"start":{"line":23,"column":2},"end":{"line":26,"column":4}},"17":{"start":{"line":27,"column":2},"end":{"line":30,"column":3}},"18":{"start":{"line":28,"column":4},"end":{"line":28,"column":80}},"19":{"start":{"line":29,"column":4},"end":{"line":29,"column":36}},"20":{"start":{"line":31,"column":2},"end":{"line":31,"column":9}},"21":{"start":{"line":35,"column":0},"end":{"line":35,"column":44}},"22":{"start":{"line":36,"column":0},"end":{"line":36,"column":34}},"23":{"start":{"line":39,"column":14},"end":{"line":39,"column":39}},"24":{"start":{"line":40,"column":0},"end":{"line":40,"column":62}},"25":{"start":{"line":43,"column":0},"end":{"line":43,"column":40}},"26":{"start":{"line":44,"column":0},"end":{"line":44,"column":46}},"27":{"start":{"line":45,"column":0},"end":{"line":45,"column":39}},"28":{"start":{"line":46,"column":0},"end":{"line":46,"column":46}},"29":{"start":{"line":48,"column":0},"end":{"line":48,"column":37}},"30":{"start":{"line":49,"column":0},"end":{"line":49,"column":43}},"31":{"start":{"line":50,"column":0},"end":{"line":50,"column":36}},"32":{"start":{"line":51,"column":0},"end":{"line":51,"column":43}},"33":{"start":{"line":54,"column":0},"end":{"line":58,"column":3}},"34":{"start":{"line":55,"column":21},"end":{"line":55,"column":75}},"35":{"start":{"line":56,"column":2},"end":{"line":56,"column":21}},"36":{"start":{"line":57,"column":2},"end":{"line":57,"column":14}},"37":{"start":{"line":60,"column":0},"end":{"line":67,"column":3}},"38":{"start":{"line":61,"column":2},"end":{"line":61,"column":34}},"39":{"start":{"line":62,"column":2},"end":{"line":66,"column":5}},"40":{"start":{"line":69,"column":0},"end":{"line":69,"column":19}}},"fnMap":{"0":{"name":"(anonymous_1)","decl":{"start":{"line":21,"column":8},"end":{"line":21,"column":9}},"loc":{"start":{"line":21,"column":60},"end":{"line":32,"column":1}}},"1":{"name":"(anonymous_2)","decl":{"start":{"line":54,"column":8},"end":{"line":54,"column":9}},"loc":{"start":{"line":54,"column":60},"end":{"line":58,"column":1}}},"2":{"name":"(anonymous_3)","decl":{"start":{"line":60,"column":8},"end":{"line":60,"column":9}},"loc":{"start":{"line":60,"column":72},"end":{"line":67,"column":1}}}},"branchMap":{"0":{"loc":{"start":{"line":27,"column":2},"end":{"line":30,"column":3}},"type":"if","locations":[{"start":{"line":27,"column":2},"end":{"line":30,"column":3}}]},"1":{"loc":{"start":{"line":61,"column":13},"end":{"line":61,"column":32}},"type":"binary-expr","locations":[{"start":{"line":61,"column":13},"end":{"line":61,"column":25}},{"start":{"line":61,"column":29},"end":{"line":61,"column":32}}]}},"s":{"0":1,"1":1,"2":1,"3":1,"4":1,"5":1,"6":1,"7":1,"8":1,"9":1,"10":1,"11":1,"12":1,"13":1,"14":1,"15":41,"16":41,"17":41,"18":0,"19":0,"20":41,"21":1,"22":1,"23":1,"24":1,"25":1,"26":1,"27":1,"28":1,"29":1,"30":1,"31":1,"32":1,"33":1,"34":3,"35":3,"36":3,"37":1,"38":3,"39":3,"40":1},"f":{"0":41,"1":3,"2":3},"b":{"0":[0],"1":[3,0]}}
,"C:\\Users\\Mr Robot\\Desktop\\Backend\\api\\swaggerOptions.ts": {"path":"C:\\Users\\Mr Robot\\Desktop\\Backend\\api\\swaggerOptions.ts","statementMap":{"0":{"start":{"line":3,"column":38},"end":{"line":35,"column":2}},"1":{"start":{"line":37,"column":0},"end":{"line":37,"column":23}}},"fnMap":{},"branchMap":{},"s":{"0":1,"1":1},"f":{},"b":{}}
,"C:\\Users\\Mr Robot\\Desktop\\Backend\\api\\controllers\\user.ts": {"path":"C:\\Users\\Mr Robot\\Desktop\\Backend\\api\\controllers\\user.ts","statementMap":{"0":{"start":{"line":2,"column":0},"end":{"line":2,"column":32}},"1":{"start":{"line":3,"column":0},"end":{"line":3,"column":28}},"2":{"start":{"line":4,"column":0},"end":{"line":4,"column":34}},"3":{"start":{"line":6,"column":19},"end":{"line":48,"column":1}},"4":{"start":{"line":7,"column":30},"end":{"line":7,"column":38}},"5":{"start":{"line":9,"column":2},"end":{"line":47,"column":7}},"6":{"start":{"line":12,"column":6},"end":{"line":41,"column":7}},"7":{"start":{"line":13,"column":8},"end":{"line":15,"column":11}},"8":{"start":{"line":17,"column":8},"end":{"line":40,"column":11}},"9":{"start":{"line":18,"column":10},"end":{"line":39,"column":11}},"10":{"start":{"line":19,"column":12},"end":{"line":19,"column":56}},"11":{"start":{"line":21,"column":28},"end":{"line":25,"column":14}},"12":{"start":{"line":26,"column":12},"end":{"line":38,"column":17}},"13":{"start":{"line":29,"column":16},"end":{"line":29,"column":36}},"14":{"start":{"line":30,"column":16},"end":{"line":32,"column":19}},"15":{"start":{"line":35,"column":16},"end":{"line":37,"column":19}},"16":{"start":{"line":44,"column":6},"end":{"line":46,"column":9}},"17":{"start":{"line":50,"column":0},"end":{"line":50,"column":26}}},"fnMap":{"0":{"name":"(anonymous_1)","decl":{"start":{"line":6,"column":19},"end":{"line":6,"column":20}},"loc":{"start":{"line":6,"column":71},"end":{"line":48,"column":1}}},"1":{"name":"(anonymous_2)","decl":{"start":{"line":11,"column":10},"end":{"line":11,"column":11}},"loc":{"start":{"line":11,"column":24},"end":{"line":42,"column":5}}},"2":{"name":"(anonymous_3)","decl":{"start":{"line":17,"column":34},"end":{"line":17,"column":35}},"loc":{"start":{"line":17,"column":61},"end":{"line":40,"column":9}}},"3":{"name":"(anonymous_4)","decl":{"start":{"line":28,"column":20},"end":{"line":28,"column":21}},"loc":{"start":{"line":28,"column":36},"end":{"line":33,"column":15}}},"4":{"name":"(anonymous_5)","decl":{"start":{"line":34,"column":21},"end":{"line":34,"column":22}},"loc":{"start":{"line":34,"column":34},"end":{"line":38,"column":15}}},"5":{"name":"(anonymous_6)","decl":{"start":{"line":43,"column":11},"end":{"line":43,"column":12}},"loc":{"start":{"line":43,"column":24},"end":{"line":47,"column":5}}}},"branchMap":{"0":{"loc":{"start":{"line":12,"column":6},"end":{"line":41,"column":7}},"type":"if","locations":[{"start":{"line":12,"column":6},"end":{"line":41,"column":7}},{"start":{"line":16,"column":13},"end":{"line":41,"column":7}}]},"1":{"loc":{"start":{"line":18,"column":10},"end":{"line":39,"column":11}},"type":"if","locations":[{"start":{"line":18,"column":10},"end":{"line":39,"column":11}},{"start":{"line":20,"column":17},"end":{"line":39,"column":11}}]}},"s":{"0":1,"1":1,"2":1,"3":1,"4":2,"5":2,"6":2,"7":1,"8":1,"9":1,"10":0,"11":1,"12":1,"13":1,"14":1,"15":0,"16":0,"17":1},"f":{"0":2,"1":2,"2":1,"3":1,"4":0,"5":0},"b":{"0":[1,1],"1":[0,1]}}
,"C:\\Users\\Mr Robot\\Desktop\\Backend\\api\\middleware\\check-auth.ts": {"path":"C:\\Users\\Mr Robot\\Desktop\\Backend\\api\\middleware\\check-auth.ts","statementMap":{"0":{"start":{"line":2,"column":0},"end":{"line":2,"column":31}},"1":{"start":{"line":3,"column":0},"end":{"line":3,"column":28}},"2":{"start":{"line":4,"column":0},"end":{"line":4,"column":16}},"3":{"start":{"line":10,"column":18},"end":{"line":24,"column":1}},"4":{"start":{"line":11,"column":2},"end":{"line":23,"column":3}},"5":{"start":{"line":12,"column":18},"end":{"line":12,"column":58}},"6":{"start":{"line":13,"column":4},"end":{"line":15,"column":5}},"7":{"start":{"line":14,"column":6},"end":{"line":14,"column":46}},"8":{"start":{"line":16,"column":20},"end":{"line":16,"column":66}},"9":{"start":{"line":17,"column":4},"end":{"line":17,"column":27}},"10":{"start":{"line":18,"column":4},"end":{"line":18,"column":11}},"11":{"start":{"line":20,"column":4},"end":{"line":22,"column":7}},"12":{"start":{"line":26,"column":0},"end":{"line":26,"column":25}}},"fnMap":{"0":{"name":"(anonymous_1)","decl":{"start":{"line":10,"column":18},"end":{"line":10,"column":19}},"loc":{"start":{"line":10,"column":74},"end":{"line":24,"column":1}}}},"branchMap":{"0":{"loc":{"start":{"line":12,"column":18},"end":{"line":12,"column":58}},"type":"cond-expr","locations":[{"start":{"line":12,"column":43},"end":{"line":12,"column":45}},{"start":{"line":12,"column":43},"end":{"line":12,"column":58}}]},"1":{"loc":{"start":{"line":12,"column":18},"end":{"line":12,"column":45}},"type":"binary-expr","locations":[{"start":{"line":12,"column":18},"end":{"line":12,"column":45}},{"start":{"line":12,"column":43},"end":{"line":12,"column":45}}]},"2":{"loc":{"start":{"line":13,"column":4},"end":{"line":15,"column":5}},"type":"if","locations":[{"start":{"line":13,"column":4},"end":{"line":15,"column":5}}]}},"s":{"0":1,"1":1,"2":1,"3":1,"4":21,"5":21,"6":21,"7":6,"8":15,"9":15,"10":15,"11":6,"12":1},"f":{"0":21},"b":{"0":[6,15],"1":[21,21],"2":[6]}}
,"C:\\Users\\Mr Robot\\Desktop\\Backend\\api\\models\\blog.ts": {"path":"C:\\Users\\Mr Robot\\Desktop\\Backend\\api\\models\\blog.ts","statementMap":{"0":{"start":{"line":1,"column":0},"end":{"line":1,"column":54}},"1":{"start":{"line":10,"column":27},"end":{"line":20,"column":null}},"2":{"start":{"line":23,"column":0},"end":{"line":23,"column":57}}},"fnMap":{},"branchMap":{},"s":{"0":1,"1":1,"2":1},"f":{},"b":{}}
,"C:\\Users\\Mr Robot\\Desktop\\Backend\\api\\models\\comment.ts": {"path":"C:\\Users\\Mr Robot\\Desktop\\Backend\\api\\models\\comment.ts","statementMap":{"0":{"start":{"line":1,"column":0},"end":{"line":1,"column":54}},"1":{"start":{"line":9,"column":30},"end":{"line":18,"column":null}},"2":{"start":{"line":21,"column":0},"end":{"line":21,"column":66}}},"fnMap":{},"branchMap":{},"s":{"0":1,"1":1,"2":1},"f":{},"b":{}}
,"C:\\Users\\Mr Robot\\Desktop\\Backend\\api\\models\\message.ts": {"path":"C:\\Users\\Mr Robot\\Desktop\\Backend\\api\\models\\message.ts","statementMap":{"0":{"start":{"line":1,"column":0},"end":{"line":1,"column":54}},"1":{"start":{"line":10,"column":30},"end":{"line":18,"column":null}},"2":{"start":{"line":21,"column":0},"end":{"line":21,"column":70}}},"fnMap":{},"branchMap":{},"s":{"0":1,"1":1,"2":1},"f":{},"b":{}}
,"C:\\Users\\Mr Robot\\Desktop\\Backend\\api\\models\\project.ts": {"path":"C:\\Users\\Mr Robot\\Desktop\\Backend\\api\\models\\project.ts","statementMap":{"0":{"start":{"line":1,"column":0},"end":{"line":1,"column":54}},"1":{"start":{"line":10,"column":30},"end":{"line":18,"column":null}},"2":{"start":{"line":21,"column":0},"end":{"line":21,"column":66}}},"fnMap":{},"branchMap":{},"s":{"0":1,"1":1,"2":1},"f":{},"b":{}}
,"C:\\Users\\Mr Robot\\Desktop\\Backend\\api\\models\\user.ts": {"path":"C:\\Users\\Mr Robot\\Desktop\\Backend\\api\\models\\user.ts","statementMap":{"0":{"start":{"line":1,"column":0},"end":{"line":1,"column":54}},"1":{"start":{"line":8,"column":27},"end":{"line":18,"column":2}},"2":{"start":{"line":20,"column":0},"end":{"line":20,"column":61}}},"fnMap":{},"branchMap":{},"s":{"0":1,"1":1,"2":1},"f":{},"b":{}}
,"C:\\Users\\Mr Robot\\Desktop\\Backend\\api\\routes\\blogs.ts": {"path":"C:\\Users\\Mr Robot\\Desktop\\Backend\\api\\routes\\blogs.ts","statementMap":{"0":{"start":{"line":1,"column":0},"end":{"line":1,"column":67}},"1":{"start":{"line":2,"column":0},"end":{"line":2,"column":28}},"2":{"start":{"line":3,"column":0},"end":{"line":3,"column":32}},"3":{"start":{"line":4,"column":0},"end":{"line":4,"column":49}},"4":{"start":{"line":5,"column":0},"end":{"line":5,"column":34}},"5":{"start":{"line":6,"column":0},"end":{"line":6,"column":22}},"6":{"start":{"line":7,"column":0},"end":{"line":7,"column":40}},"7":{"start":{"line":10,"column":15},"end":{"line":10,"column":31}},"8":{"start":{"line":12,"column":16},"end":{"line":19,"column":2}},"9":{"start":{"line":14,"column":4},"end":{"line":14,"column":27}},"10":{"start":{"line":17,"column":4},"end":{"line":17,"column":32}},"11":{"start":{"line":21,"column":19},"end":{"line":31,"column":1}},"12":{"start":{"line":26,"column":2},"end":{"line":30,"column":3}},"13":{"start":{"line":27,"column":4},"end":{"line":27,"column":19}},"14":{"start":{"line":29,"column":4},"end":{"line":29,"column":20}},"15":{"start":{"line":33,"column":15},"end":{"line":39,"column":2}},"16":{"start":{"line":42,"column":19},"end":{"line":46,"column":2}},"17":{"start":{"line":69,"column":0},"end":{"line":98,"column":3}},"18":{"start":{"line":70,"column":2},"end":{"line":97,"column":7}},"19":{"start":{"line":74,"column":23},"end":{"line":90,"column":8}},"20":{"start":{"line":77,"column":10},"end":{"line":88,"column":12}},"21":{"start":{"line":91,"column":6},"end":{"line":91,"column":37}},"22":{"start":{"line":94,"column":6},"end":{"line":96,"column":9}},"23":{"start":{"line":132,"column":0},"end":{"line":177,"column":2}},"24":{"start":{"line":137,"column":4},"end":{"line":139,"column":5}},"25":{"start":{"line":138,"column":6},"end":{"line":138,"column":73}},"26":{"start":{"line":142,"column":29},"end":{"line":142,"column":58}},"27":{"start":{"line":143,"column":4},"end":{"line":145,"column":5}},"28":{"start":{"line":144,"column":6},"end":{"line":144,"column":73}},"29":{"start":{"line":147,"column":17},"end":{"line":153,"column":6}},"30":{"start":{"line":154,"column":4},"end":{"line":175,"column":9}},"31":{"start":{"line":157,"column":8},"end":{"line":169,"column":11}},"32":{"start":{"line":172,"column":8},"end":{"line":174,"column":11}},"33":{"start":{"line":202,"column":0},"end":{"line":218,"column":3}},"34":{"start":{"line":203,"column":13},"end":{"line":203,"column":30}},"35":{"start":{"line":204,"column":2},"end":{"line":217,"column":7}},"36":{"start":{"line":207,"column":6},"end":{"line":213,"column":7}},"37":{"start":{"line":208,"column":8},"end":{"line":208,"column":34}},"38":{"start":{"line":210,"column":8},"end":{"line":212,"column":69}},"39":{"start":{"line":216,"column":6},"end":{"line":216,"column":43}},"40":{"start":{"line":246,"column":0},"end":{"line":275,"column":2}},"41":{"start":{"line":250,"column":15},"end":{"line":250,"column":32}},"42":{"start":{"line":253,"column":29},"end":{"line":253,"column":58}},"43":{"start":{"line":254,"column":4},"end":{"line":256,"column":5}},"44":{"start":{"line":255,"column":6},"end":{"line":255,"column":73}},"45":{"start":{"line":258,"column":4},"end":{"line":273,"column":9}},"46":{"start":{"line":261,"column":8},"end":{"line":267,"column":11}},"47":{"start":{"line":270,"column":8},"end":{"line":272,"column":11}},"48":{"start":{"line":297,"column":0},"end":{"line":315,"column":2}},"49":{"start":{"line":301,"column":15},"end":{"line":301,"column":32}},"50":{"start":{"line":302,"column":4},"end":{"line":313,"column":9}},"51":{"start":{"line":305,"column":8},"end":{"line":307,"column":11}},"52":{"start":{"line":310,"column":8},"end":{"line":312,"column":11}},"53":{"start":{"line":345,"column":0},"end":{"line":383,"column":2}},"54":{"start":{"line":349,"column":15},"end":{"line":349,"column":32}},"55":{"start":{"line":350,"column":4},"end":{"line":381,"column":9}},"56":{"start":{"line":353,"column":8},"end":{"line":377,"column":9}},"57":{"start":{"line":354,"column":10},"end":{"line":372,"column":15}},"58":{"start":{"line":357,"column":31},"end":{"line":367,"column":16}},"59":{"start":{"line":361,"column":18},"end":{"line":365,"column":20}},"60":{"start":{"line":368,"column":14},"end":{"line":368,"column":45}},"61":{"start":{"line":371,"column":14},"end":{"line":371,"column":40}},"62":{"start":{"line":374,"column":10},"end":{"line":376,"column":71}},"63":{"start":{"line":380,"column":8},"end":{"line":380,"column":45}},"64":{"start":{"line":386,"column":22},"end":{"line":388,"column":2}},"65":{"start":{"line":419,"column":0},"end":{"line":465,"column":2}},"66":{"start":{"line":424,"column":29},"end":{"line":424,"column":61}},"67":{"start":{"line":425,"column":4},"end":{"line":427,"column":5}},"68":{"start":{"line":426,"column":6},"end":{"line":426,"column":73}},"69":{"start":{"line":428,"column":19},"end":{"line":428,"column":36}},"70":{"start":{"line":429,"column":20},"end":{"line":429,"column":38}},"71":{"start":{"line":432,"column":4},"end":{"line":463,"column":5}},"72":{"start":{"line":433,"column":21},"end":{"line":433,"column":44}},"73":{"start":{"line":435,"column":22},"end":{"line":440,"column":8}},"74":{"start":{"line":441,"column":6},"end":{"line":458,"column":11}},"75":{"start":{"line":444,"column":10},"end":{"line":452,"column":13}},"76":{"start":{"line":455,"column":10},"end":{"line":457,"column":13}},"77":{"start":{"line":460,"column":6},"end":{"line":462,"column":9}},"78":{"start":{"line":492,"column":0},"end":{"line":512,"column":2}},"79":{"start":{"line":496,"column":19},"end":{"line":496,"column":36}},"80":{"start":{"line":497,"column":22},"end":{"line":497,"column":42}},"81":{"start":{"line":498,"column":4},"end":{"line":510,"column":9}},"82":{"start":{"line":501,"column":8},"end":{"line":506,"column":19}},"83":{"start":{"line":504,"column":12},"end":{"line":504,"column":45}},"84":{"start":{"line":509,"column":8},"end":{"line":509,"column":34}},"85":{"start":{"line":514,"column":0},"end":{"line":514,"column":22}}},"fnMap":{"0":{"name":"(anonymous_1)","decl":{"start":{"line":13,"column":15},"end":{"line":13,"column":25}},"loc":{"start":{"line":13,"column":43},"end":{"line":15,"column":3}}},"1":{"name":"(anonymous_2)","decl":{"start":{"line":16,"column":12},"end":{"line":16,"column":22}},"loc":{"start":{"line":16,"column":35},"end":{"line":18,"column":3}}},"2":{"name":"(anonymous_3)","decl":{"start":{"line":21,"column":19},"end":{"line":21,"column":null}},"loc":{"start":{"line":25,"column":4},"end":{"line":31,"column":1}}},"3":{"name":"(anonymous_4)","decl":{"start":{"line":69,"column":16},"end":{"line":69,"column":17}},"loc":{"start":{"line":69,"column":68},"end":{"line":98,"column":1}}},"4":{"name":"(anonymous_5)","decl":{"start":{"line":73,"column":10},"end":{"line":73,"column":11}},"loc":{"start":{"line":73,"column":24},"end":{"line":92,"column":5}}},"5":{"name":"(anonymous_6)","decl":{"start":{"line":76,"column":24},"end":{"line":76,"column":25}},"loc":{"start":{"line":76,"column":37},"end":{"line":89,"column":9}}},"6":{"name":"(anonymous_7)","decl":{"start":{"line":93,"column":11},"end":{"line":93,"column":12}},"loc":{"start":{"line":93,"column":24},"end":{"line":97,"column":5}}},"7":{"name":"(anonymous_8)","decl":{"start":{"line":136,"column":2},"end":{"line":136,"column":3}},"loc":{"start":{"line":136,"column":54},"end":{"line":176,"column":3}}},"8":{"name":"(anonymous_9)","decl":{"start":{"line":156,"column":12},"end":{"line":156,"column":13}},"loc":{"start":{"line":156,"column":28},"end":{"line":170,"column":7}}},"9":{"name":"(anonymous_10)","decl":{"start":{"line":171,"column":13},"end":{"line":171,"column":14}},"loc":{"start":{"line":171,"column":21},"end":{"line":175,"column":7}}},"10":{"name":"(anonymous_11)","decl":{"start":{"line":202,"column":23},"end":{"line":202,"column":24}},"loc":{"start":{"line":202,"column":75},"end":{"line":218,"column":1}}},"11":{"name":"(anonymous_12)","decl":{"start":{"line":206,"column":10},"end":{"line":206,"column":11}},"loc":{"start":{"line":206,"column":18},"end":{"line":214,"column":5}}},"12":{"name":"(anonymous_13)","decl":{"start":{"line":215,"column":11},"end":{"line":215,"column":12}},"loc":{"start":{"line":215,"column":19},"end":{"line":217,"column":5}}},"13":{"name":"(anonymous_14)","decl":{"start":{"line":249,"column":2},"end":{"line":249,"column":3}},"loc":{"start":{"line":249,"column":54},"end":{"line":274,"column":3}}},"14":{"name":"(anonymous_15)","decl":{"start":{"line":260,"column":12},"end":{"line":260,"column":13}},"loc":{"start":{"line":260,"column":23},"end":{"line":268,"column":7}}},"15":{"name":"(anonymous_16)","decl":{"start":{"line":269,"column":13},"end":{"line":269,"column":14}},"loc":{"start":{"line":269,"column":21},"end":{"line":273,"column":7}}},"16":{"name":"(anonymous_17)","decl":{"start":{"line":300,"column":2},"end":{"line":300,"column":3}},"loc":{"start":{"line":300,"column":54},"end":{"line":314,"column":3}}},"17":{"name":"(anonymous_18)","decl":{"start":{"line":304,"column":12},"end":{"line":304,"column":13}},"loc":{"start":{"line":304,"column":23},"end":{"line":308,"column":7}}},"18":{"name":"(anonymous_19)","decl":{"start":{"line":309,"column":13},"end":{"line":309,"column":14}},"loc":{"start":{"line":309,"column":21},"end":{"line":313,"column":7}}},"19":{"name":"(anonymous_20)","decl":{"start":{"line":348,"column":2},"end":{"line":348,"column":3}},"loc":{"start":{"line":348,"column":54},"end":{"line":382,"column":3}}},"20":{"name":"(anonymous_21)","decl":{"start":{"line":352,"column":12},"end":{"line":352,"column":13}},"loc":{"start":{"line":352,"column":20},"end":{"line":378,"column":7}}},"21":{"name":"(anonymous_22)","decl":{"start":{"line":356,"column":18},"end":{"line":356,"column":19}},"loc":{"start":{"line":356,"column":27},"end":{"line":369,"column":13}}},"22":{"name":"(anonymous_23)","decl":{"start":{"line":360,"column":35},"end":{"line":360,"column":36}},"loc":{"start":{"line":360,"column":51},"end":{"line":366,"column":17}}},"23":{"name":"(anonymous_24)","decl":{"start":{"line":370,"column":19},"end":{"line":370,"column":20}},"loc":{"start":{"line":370,"column":27},"end":{"line":372,"column":13}}},"24":{"name":"(anonymous_25)","decl":{"start":{"line":379,"column":13},"end":{"line":379,"column":14}},"loc":{"start":{"line":379,"column":21},"end":{"line":381,"column":7}}},"25":{"name":"(anonymous_26)","decl":{"start":{"line":422,"column":2},"end":{"line":422,"column":3}},"loc":{"start":{"line":422,"column":54},"end":{"line":464,"column":3}}},"26":{"name":"(anonymous_27)","decl":{"start":{"line":443,"column":14},"end":{"line":443,"column":15}},"loc":{"start":{"line":443,"column":30},"end":{"line":453,"column":9}}},"27":{"name":"(anonymous_28)","decl":{"start":{"line":454,"column":15},"end":{"line":454,"column":16}},"loc":{"start":{"line":454,"column":23},"end":{"line":458,"column":9}}},"28":{"name":"(anonymous_29)","decl":{"start":{"line":495,"column":2},"end":{"line":495,"column":3}},"loc":{"start":{"line":495,"column":54},"end":{"line":511,"column":3}}},"29":{"name":"(anonymous_30)","decl":{"start":{"line":500,"column":12},"end":{"line":500,"column":15}},"loc":{"start":{"line":500,"column":17},"end":{"line":507,"column":7}}},"30":{"name":"(anonymous_31)","decl":{"start":{"line":503,"column":16},"end":{"line":503,"column":17}},"loc":{"start":{"line":503,"column":32},"end":{"line":505,"column":11}}},"31":{"name":"(anonymous_32)","decl":{"start":{"line":508,"column":13},"end":{"line":508,"column":14}},"loc":{"start":{"line":508,"column":21},"end":{"line":510,"column":7}}}},"branchMap":{"0":{"loc":{"start":{"line":26,"column":2},"end":{"line":30,"column":3}},"type":"if","locations":[{"start":{"line":26,"column":2},"end":{"line":30,"column":3}},{"start":{"line":28,"column":9},"end":{"line":30,"column":3}}]},"1":{"loc":{"start":{"line":26,"column":6},"end":{"line":26,"column":69}},"type":"binary-expr","locations":[{"start":{"line":26,"column":6},"end":{"line":26,"column":36}},{"start":{"line":26,"column":40},"end":{"line":26,"column":69}}]},"2":{"loc":{"start":{"line":137,"column":4},"end":{"line":139,"column":5}},"type":"if","locations":[{"start":{"line":137,"column":4},"end":{"line":139,"column":5}}]},"3":{"loc":{"start":{"line":143,"column":4},"end":{"line":145,"column":5}},"type":"if","locations":[{"start":{"line":143,"column":4},"end":{"line":145,"column":5}}]},"4":{"loc":{"start":{"line":207,"column":6},"end":{"line":213,"column":7}},"type":"if","locations":[{"start":{"line":207,"column":6},"end":{"line":213,"column":7}},{"start":{"line":209,"column":13},"end":{"line":213,"column":7}}]},"5":{"loc":{"start":{"line":254,"column":4},"end":{"line":256,"column":5}},"type":"if","locations":[{"start":{"line":254,"column":4},"end":{"line":256,"column":5}}]},"6":{"loc":{"start":{"line":353,"column":8},"end":{"line":377,"column":9}},"type":"if","locations":[{"start":{"line":353,"column":8},"end":{"line":377,"column":9}},{"start":{"line":373,"column":15},"end":{"line":377,"column":9}}]},"7":{"loc":{"start":{"line":425,"column":4},"end":{"line":427,"column":5}},"type":"if","locations":[{"start":{"line":425,"column":4},"end":{"line":427,"column":5}}]},"8":{"loc":{"start":{"line":432,"column":4},"end":{"line":463,"column":5}},"type":"if","locations":[{"start":{"line":432,"column":4},"end":{"line":463,"column":5}},{"start":{"line":459,"column":11},"end":{"line":463,"column":5}}]},"9":{"loc":{"start":{"line":498,"column":28},"end":{"line":498,"column":68}},"type":"binary-expr","locations":[{"start":{"line":498,"column":28},"end":{"line":498,"column":46}},{"start":{"line":498,"column":50},"end":{"line":498,"column":68}}]}},"s":{"0":1,"1":1,"2":1,"3":1,"4":1,"5":1,"6":1,"7":1,"8":1,"9":2,"10":2,"11":1,"12":2,"13":2,"14":0,"15":1,"16":1,"17":1,"18":2,"19":2,"20":1,"21":2,"22":0,"23":1,"24":2,"25":0,"26":2,"27":2,"28":1,"29":1,"30":1,"31":1,"32":0,"33":1,"34":4,"35":4,"36":3,"37":1,"38":2,"39":1,"40":1,"41":2,"42":2,"43":2,"44":1,"45":1,"46":1,"47":0,"48":1,"49":1,"50":1,"51":1,"52":0,"53":1,"54":1,"55":1,"56":1,"57":1,"58":1,"59":0,"60":1,"61":0,"62":0,"63":0,"64":1,"65":1,"66":2,"67":2,"68":1,"69":1,"70":1,"71":1,"72":1,"73":1,"74":1,"75":1,"76":0,"77":0,"78":1,"79":1,"80":1,"81":1,"82":1,"83":1,"84":0,"85":1},"f":{"0":2,"1":2,"2":2,"3":2,"4":2,"5":1,"6":0,"7":2,"8":1,"9":0,"10":4,"11":3,"12":1,"13":2,"14":1,"15":0,"16":1,"17":1,"18":0,"19":1,"20":1,"21":1,"22":0,"23":0,"24":0,"25":2,"26":1,"27":0,"28":1,"29":1,"30":1,"31":0},"b":{"0":[2,0],"1":[2,0],"2":[0],"3":[1],"4":[1,2],"5":[1],"6":[1,0],"7":[1],"8":[1,0],"9":[1,1]}}
,"C:\\Users\\Mr Robot\\Desktop\\Backend\\api\\routes\\messages.ts": {"path":"C:\\Users\\Mr Robot\\Desktop\\Backend\\api\\routes\\messages.ts","statementMap":{"0":{"start":{"line":1,"column":0},"end":{"line":1,"column":67}},"1":{"start":{"line":2,"column":0},"end":{"line":2,"column":32}},"2":{"start":{"line":3,"column":0},"end":{"line":3,"column":54}},"3":{"start":{"line":4,"column":0},"end":{"line":4,"column":22}},"4":{"start":{"line":5,"column":0},"end":{"line":5,"column":49}},"5":{"start":{"line":7,"column":15},"end":{"line":7,"column":31}},"6":{"start":{"line":10,"column":22},"end":{"line":15,"column":2}},"7":{"start":{"line":40,"column":0},"end":{"line":65,"column":2}},"8":{"start":{"line":44,"column":4},"end":{"line":63,"column":9}},"9":{"start":{"line":48,"column":8},"end":{"line":57,"column":11}},"10":{"start":{"line":50,"column":49},"end":{"line":56,"column":12}},"11":{"start":{"line":60,"column":8},"end":{"line":62,"column":11}},"12":{"start":{"line":94,"column":0},"end":{"line":118,"column":3}},"13":{"start":{"line":96,"column":27},"end":{"line":96,"column":59}},"14":{"start":{"line":97,"column":2},"end":{"line":99,"column":3}},"15":{"start":{"line":98,"column":4},"end":{"line":98,"column":71}},"16":{"start":{"line":101,"column":18},"end":{"line":107,"column":4}},"17":{"start":{"line":108,"column":2},"end":{"line":117,"column":7}},"18":{"start":{"line":111,"column":6},"end":{"line":111,"column":35}},"19":{"start":{"line":114,"column":6},"end":{"line":116,"column":9}},"20":{"start":{"line":145,"column":0},"end":{"line":161,"column":3}},"21":{"start":{"line":146,"column":13},"end":{"line":146,"column":33}},"22":{"start":{"line":147,"column":2},"end":{"line":160,"column":7}},"23":{"start":{"line":150,"column":6},"end":{"line":154,"column":11}},"24":{"start":{"line":150,"column":15},"end":{"line":150,"column":41}},"25":{"start":{"line":152,"column":8},"end":{"line":154,"column":11}},"26":{"start":{"line":157,"column":6},"end":{"line":159,"column":9}},"27":{"start":{"line":184,"column":0},"end":{"line":202,"column":2}},"28":{"start":{"line":188,"column":15},"end":{"line":188,"column":35}},"29":{"start":{"line":189,"column":4},"end":{"line":200,"column":9}},"30":{"start":{"line":192,"column":8},"end":{"line":194,"column":11}},"31":{"start":{"line":197,"column":8},"end":{"line":199,"column":11}},"32":{"start":{"line":204,"column":0},"end":{"line":204,"column":22}}},"fnMap":{"0":{"name":"(anonymous_1)","decl":{"start":{"line":43,"column":2},"end":{"line":43,"column":3}},"loc":{"start":{"line":43,"column":54},"end":{"line":64,"column":3}}},"1":{"name":"(anonymous_2)","decl":{"start":{"line":47,"column":12},"end":{"line":47,"column":13}},"loc":{"start":{"line":47,"column":33},"end":{"line":58,"column":7}}},"2":{"name":"(anonymous_3)","decl":{"start":{"line":50,"column":29},"end":{"line":50,"column":30}},"loc":{"start":{"line":50,"column":49},"end":{"line":56,"column":12}}},"3":{"name":"(anonymous_4)","decl":{"start":{"line":59,"column":13},"end":{"line":59,"column":14}},"loc":{"start":{"line":59,"column":26},"end":{"line":63,"column":7}}},"4":{"name":"(anonymous_5)","decl":{"start":{"line":94,"column":17},"end":{"line":94,"column":18}},"loc":{"start":{"line":94,"column":69},"end":{"line":118,"column":1}}},"5":{"name":"(anonymous_6)","decl":{"start":{"line":110,"column":10},"end":{"line":110,"column":11}},"loc":{"start":{"line":110,"column":26},"end":{"line":112,"column":5}}},"6":{"name":"(anonymous_7)","decl":{"start":{"line":113,"column":11},"end":{"line":113,"column":12}},"loc":{"start":{"line":113,"column":24},"end":{"line":117,"column":5}}},"7":{"name":"(anonymous_8)","decl":{"start":{"line":145,"column":26},"end":{"line":145,"column":27}},"loc":{"start":{"line":145,"column":78},"end":{"line":161,"column":1}}},"8":{"name":"(anonymous_9)","decl":{"start":{"line":149,"column":10},"end":{"line":149,"column":11}},"loc":{"start":{"line":149,"column":35},"end":{"line":155,"column":5}}},"9":{"name":"(anonymous_10)","decl":{"start":{"line":156,"column":11},"end":{"line":156,"column":12}},"loc":{"start":{"line":156,"column":24},"end":{"line":160,"column":5}}},"10":{"name":"(anonymous_11)","decl":{"start":{"line":187,"column":2},"end":{"line":187,"column":3}},"loc":{"start":{"line":187,"column":54},"end":{"line":201,"column":3}}},"11":{"name":"(anonymous_12)","decl":{"start":{"line":191,"column":12},"end":{"line":191,"column":13}},"loc":{"start":{"line":191,"column":28},"end":{"line":195,"column":7}}},"12":{"name":"(anonymous_13)","decl":{"start":{"line":196,"column":13},"end":{"line":196,"column":14}},"loc":{"start":{"line":196,"column":26},"end":{"line":200,"column":7}}}},"branchMap":{"0":{"loc":{"start":{"line":97,"column":2},"end":{"line":99,"column":3}},"type":"if","locations":[{"start":{"line":97,"column":2},"end":{"line":99,"column":3}}]},"1":{"loc":{"start":{"line":150,"column":6},"end":{"line":154,"column":11}},"type":"if","locations":[{"start":{"line":150,"column":6},"end":{"line":154,"column":11}},{"start":{"line":152,"column":8},"end":{"line":154,"column":11}}]}},"s":{"0":1,"1":1,"2":1,"3":1,"4":1,"5":1,"6":1,"7":1,"8":1,"9":1,"10":0,"11":0,"12":1,"13":1,"14":1,"15":0,"16":1,"17":1,"18":1,"19":0,"20":1,"21":1,"22":1,"23":1,"24":1,"25":0,"26":0,"27":1,"28":1,"29":1,"30":1,"31":0,"32":1},"f":{"0":1,"1":1,"2":0,"3":0,"4":1,"5":1,"6":0,"7":1,"8":1,"9":0,"10":1,"11":1,"12":0},"b":{"0":[0],"1":[1,0]}}
,"C:\\Users\\Mr Robot\\Desktop\\Backend\\api\\routes\\projects.ts": {"path":"C:\\Users\\Mr Robot\\Desktop\\Backend\\api\\routes\\projects.ts","statementMap":{"0":{"start":{"line":1,"column":0},"end":{"line":1,"column":67}},"1":{"start":{"line":2,"column":0},"end":{"line":2,"column":32}},"2":{"start":{"line":3,"column":0},"end":{"line":3,"column":28}},"3":{"start":{"line":4,"column":0},"end":{"line":4,"column":40}},"4":{"start":{"line":5,"column":0},"end":{"line":5,"column":49}},"5":{"start":{"line":6,"column":0},"end":{"line":6,"column":22}},"6":{"start":{"line":8,"column":0},"end":{"line":8,"column":34}},"7":{"start":{"line":10,"column":15},"end":{"line":10,"column":31}},"8":{"start":{"line":12,"column":16},"end":{"line":19,"column":2}},"9":{"start":{"line":14,"column":4},"end":{"line":14,"column":27}},"10":{"start":{"line":17,"column":4},"end":{"line":17,"column":32}},"11":{"start":{"line":21,"column":19},"end":{"line":31,"column":1}},"12":{"start":{"line":26,"column":2},"end":{"line":30,"column":3}},"13":{"start":{"line":27,"column":4},"end":{"line":27,"column":19}},"14":{"start":{"line":29,"column":4},"end":{"line":29,"column":20}},"15":{"start":{"line":33,"column":15},"end":{"line":39,"column":2}},"16":{"start":{"line":42,"column":22},"end":{"line":46,"column":2}},"17":{"start":{"line":73,"column":0},"end":{"line":98,"column":3}},"18":{"start":{"line":74,"column":2},"end":{"line":97,"column":7}},"19":{"start":{"line":78,"column":23},"end":{"line":92,"column":8}},"20":{"start":{"line":80,"column":37},"end":{"line":91,"column":10}},"21":{"start":{"line":93,"column":6},"end":{"line":93,"column":37}},"22":{"start":{"line":96,"column":6},"end":{"line":96,"column":43}},"23":{"start":{"line":124,"column":0},"end":{"line":188,"column":2}},"24":{"start":{"line":130,"column":29},"end":{"line":130,"column":61}},"25":{"start":{"line":131,"column":20},"end":{"line":131,"column":38}},"26":{"start":{"line":133,"column":4},"end":{"line":135,"column":5}},"27":{"start":{"line":134,"column":6},"end":{"line":134,"column":73}},"28":{"start":{"line":138,"column":4},"end":{"line":186,"column":5}},"29":{"start":{"line":139,"column":21},"end":{"line":139,"column":44}},"30":{"start":{"line":140,"column":6},"end":{"line":181,"column":11}},"31":{"start":{"line":143,"column":10},"end":{"line":145,"column":11}},"32":{"start":{"line":144,"column":12},"end":{"line":144,"column":79}},"33":{"start":{"line":147,"column":26},"end":{"line":153,"column":12}},"34":{"start":{"line":155,"column":10},"end":{"line":175,"column":15}},"35":{"start":{"line":158,"column":14},"end":{"line":171,"column":17}},"36":{"start":{"line":174,"column":14},"end":{"line":174,"column":51}},"37":{"start":{"line":178,"column":10},"end":{"line":180,"column":13}},"38":{"start":{"line":183,"column":6},"end":{"line":185,"column":66}},"39":{"start":{"line":215,"column":0},"end":{"line":231,"column":3}},"40":{"start":{"line":216,"column":13},"end":{"line":216,"column":33}},"41":{"start":{"line":217,"column":2},"end":{"line":230,"column":7}},"42":{"start":{"line":220,"column":6},"end":{"line":226,"column":7}},"43":{"start":{"line":221,"column":8},"end":{"line":221,"column":34}},"44":{"start":{"line":223,"column":8},"end":{"line":225,"column":69}},"45":{"start":{"line":229,"column":6},"end":{"line":229,"column":43}},"46":{"start":{"line":266,"column":0},"end":{"line":293,"column":2}},"47":{"start":{"line":270,"column":15},"end":{"line":270,"column":35}},"48":{"start":{"line":273,"column":29},"end":{"line":273,"column":61}},"49":{"start":{"line":274,"column":4},"end":{"line":276,"column":5}},"50":{"start":{"line":275,"column":6},"end":{"line":275,"column":73}},"51":{"start":{"line":278,"column":4},"end":{"line":291,"column":9}},"52":{"start":{"line":281,"column":8},"end":{"line":287,"column":11}},"53":{"start":{"line":290,"column":8},"end":{"line":290,"column":45}},"54":{"start":{"line":316,"column":0},"end":{"line":330,"column":2}},"55":{"start":{"line":320,"column":15},"end":{"line":320,"column":35}},"56":{"start":{"line":321,"column":4},"end":{"line":328,"column":9}},"57":{"start":{"line":324,"column":8},"end":{"line":324,"column":71}},"58":{"start":{"line":327,"column":8},"end":{"line":327,"column":45}},"59":{"start":{"line":332,"column":0},"end":{"line":332,"column":22}}},"fnMap":{"0":{"name":"(anonymous_1)","decl":{"start":{"line":13,"column":15},"end":{"line":13,"column":25}},"loc":{"start":{"line":13,"column":38},"end":{"line":15,"column":3}}},"1":{"name":"(anonymous_2)","decl":{"start":{"line":16,"column":12},"end":{"line":16,"column":22}},"loc":{"start":{"line":16,"column":35},"end":{"line":18,"column":3}}},"2":{"name":"(anonymous_3)","decl":{"start":{"line":21,"column":19},"end":{"line":21,"column":null}},"loc":{"start":{"line":25,"column":4},"end":{"line":31,"column":1}}},"3":{"name":"(anonymous_4)","decl":{"start":{"line":73,"column":16},"end":{"line":73,"column":17}},"loc":{"start":{"line":73,"column":68},"end":{"line":98,"column":1}}},"4":{"name":"(anonymous_5)","decl":{"start":{"line":77,"column":10},"end":{"line":77,"column":11}},"loc":{"start":{"line":77,"column":19},"end":{"line":94,"column":5}}},"5":{"name":"(anonymous_6)","decl":{"start":{"line":80,"column":27},"end":{"line":80,"column":28}},"loc":{"start":{"line":80,"column":37},"end":{"line":91,"column":10}}},"6":{"name":"(anonymous_7)","decl":{"start":{"line":95,"column":11},"end":{"line":95,"column":12}},"loc":{"start":{"line":95,"column":19},"end":{"line":97,"column":5}}},"7":{"name":"(anonymous_8)","decl":{"start":{"line":128,"column":2},"end":{"line":128,"column":3}},"loc":{"start":{"line":128,"column":54},"end":{"line":187,"column":3}}},"8":{"name":"(anonymous_9)","decl":{"start":{"line":142,"column":14},"end":{"line":142,"column":15}},"loc":{"start":{"line":142,"column":25},"end":{"line":176,"column":9}}},"9":{"name":"(anonymous_10)","decl":{"start":{"line":157,"column":18},"end":{"line":157,"column":19}},"loc":{"start":{"line":157,"column":29},"end":{"line":172,"column":13}}},"10":{"name":"(anonymous_11)","decl":{"start":{"line":173,"column":19},"end":{"line":173,"column":20}},"loc":{"start":{"line":173,"column":27},"end":{"line":175,"column":13}}},"11":{"name":"(anonymous_12)","decl":{"start":{"line":177,"column":15},"end":{"line":177,"column":16}},"loc":{"start":{"line":177,"column":23},"end":{"line":181,"column":9}}},"12":{"name":"(anonymous_13)","decl":{"start":{"line":215,"column":26},"end":{"line":215,"column":27}},"loc":{"start":{"line":215,"column":78},"end":{"line":231,"column":1}}},"13":{"name":"(anonymous_14)","decl":{"start":{"line":219,"column":10},"end":{"line":219,"column":11}},"loc":{"start":{"line":219,"column":18},"end":{"line":227,"column":5}}},"14":{"name":"(anonymous_15)","decl":{"start":{"line":228,"column":11},"end":{"line":228,"column":12}},"loc":{"start":{"line":228,"column":19},"end":{"line":230,"column":5}}},"15":{"name":"(anonymous_16)","decl":{"start":{"line":269,"column":2},"end":{"line":269,"column":3}},"loc":{"start":{"line":269,"column":54},"end":{"line":292,"column":3}}},"16":{"name":"(anonymous_17)","decl":{"start":{"line":280,"column":12},"end":{"line":280,"column":13}},"loc":{"start":{"line":280,"column":23},"end":{"line":288,"column":7}}},"17":{"name":"(anonymous_18)","decl":{"start":{"line":289,"column":13},"end":{"line":289,"column":14}},"loc":{"start":{"line":289,"column":21},"end":{"line":291,"column":7}}},"18":{"name":"(anonymous_19)","decl":{"start":{"line":319,"column":2},"end":{"line":319,"column":3}},"loc":{"start":{"line":319,"column":54},"end":{"line":329,"column":3}}},"19":{"name":"(anonymous_20)","decl":{"start":{"line":323,"column":12},"end":{"line":323,"column":13}},"loc":{"start":{"line":323,"column":23},"end":{"line":325,"column":7}}},"20":{"name":"(anonymous_21)","decl":{"start":{"line":326,"column":13},"end":{"line":326,"column":14}},"loc":{"start":{"line":326,"column":21},"end":{"line":328,"column":7}}}},"branchMap":{"0":{"loc":{"start":{"line":26,"column":2},"end":{"line":30,"column":3}},"type":"if","locations":[{"start":{"line":26,"column":2},"end":{"line":30,"column":3}},{"start":{"line":28,"column":9},"end":{"line":30,"column":3}}]},"1":{"loc":{"start":{"line":26,"column":6},"end":{"line":26,"column":69}},"type":"binary-expr","locations":[{"start":{"line":26,"column":6},"end":{"line":26,"column":36}},{"start":{"line":26,"column":40},"end":{"line":26,"column":69}}]},"2":{"loc":{"start":{"line":133,"column":4},"end":{"line":135,"column":5}},"type":"if","locations":[{"start":{"line":133,"column":4},"end":{"line":135,"column":5}}]},"3":{"loc":{"start":{"line":138,"column":4},"end":{"line":186,"column":5}},"type":"if","locations":[{"start":{"line":138,"column":4},"end":{"line":186,"column":5}},{"start":{"line":182,"column":11},"end":{"line":186,"column":5}}]},"4":{"loc":{"start":{"line":140,"column":19},"end":{"line":140,"column":59}},"type":"binary-expr","locations":[{"start":{"line":140,"column":19},"end":{"line":140,"column":34}},{"start":{"line":140,"column":38},"end":{"line":140,"column":59}}]},"5":{"loc":{"start":{"line":143,"column":10},"end":{"line":145,"column":11}},"type":"if","locations":[{"start":{"line":143,"column":10},"end":{"line":145,"column":11}}]},"6":{"loc":{"start":{"line":220,"column":6},"end":{"line":226,"column":7}},"type":"if","locations":[{"start":{"line":220,"column":6},"end":{"line":226,"column":7}},{"start":{"line":222,"column":13},"end":{"line":226,"column":7}}]},"7":{"loc":{"start":{"line":274,"column":4},"end":{"line":276,"column":5}},"type":"if","locations":[{"start":{"line":274,"column":4},"end":{"line":276,"column":5}}]}},"s":{"0":1,"1":1,"2":1,"3":1,"4":1,"5":1,"6":1,"7":1,"8":1,"9":1,"10":1,"11":1,"12":1,"13":1,"14":0,"15":1,"16":1,"17":1,"18":1,"19":1,"20":0,"21":1,"22":0,"23":1,"24":2,"25":2,"26":2,"27":0,"28":2,"29":2,"30":2,"31":2,"32":1,"33":1,"34":1,"35":1,"36":0,"37":0,"38":0,"39":1,"40":1,"41":1,"42":1,"43":1,"44":0,"45":0,"46":1,"47":1,"48":1,"49":1,"50":0,"51":1,"52":1,"53":0,"54":1,"55":1,"56":1,"57":1,"58":0,"59":1},"f":{"0":1,"1":1,"2":1,"3":1,"4":1,"5":0,"6":0,"7":2,"8":2,"9":1,"10":0,"11":0,"12":1,"13":1,"14":0,"15":1,"16":1,"17":0,"18":1,"19":1,"20":0},"b":{"0":[1,0],"1":[1,0],"2":[0],"3":[2,0],"4":[2,2],"5":[1],"6":[1,0],"7":[0]}}
,"C:\\Users\\Mr Robot\\Desktop\\Backend\\api\\routes\\user.ts": {"path":"C:\\Users\\Mr Robot\\Desktop\\Backend\\api\\routes\\user.ts","statementMap":{"0":{"start":{"line":1,"column":0},"end":{"line":1,"column":67}},"1":{"start":{"line":2,"column":0},"end":{"line":2,"column":28}},"2":{"start":{"line":3,"column":0},"end":{"line":3,"column":31}},"3":{"start":{"line":4,"column":0},"end":{"line":4,"column":28}},"4":{"start":{"line":5,"column":0},"end":{"line":5,"column":34}},"5":{"start":{"line":6,"column":0},"end":{"line":6,"column":45}},"6":{"start":{"line":7,"column":0},"end":{"line":7,"column":22}},"7":{"start":{"line":9,"column":0},"end":{"line":9,"column":16}},"8":{"start":{"line":11,"column":15},"end":{"line":11,"column":31}},"9":{"start":{"line":14,"column":21},"end":{"line":17,"column":2}},"10":{"start":{"line":44,"column":0},"end":{"line":51,"column":3}},"11":{"start":{"line":46,"column":27},"end":{"line":46,"column":58}},"12":{"start":{"line":47,"column":2},"end":{"line":49,"column":3}},"13":{"start":{"line":48,"column":4},"end":{"line":48,"column":71}},"14":{"start":{"line":50,"column":2},"end":{"line":50,"column":29}},"15":{"start":{"line":77,"column":0},"end":{"line":117,"column":3}},"16":{"start":{"line":78,"column":30},"end":{"line":78,"column":38}},"17":{"start":{"line":80,"column":2},"end":{"line":116,"column":7}},"18":{"start":{"line":83,"column":6},"end":{"line":87,"column":7}},"19":{"start":{"line":84,"column":8},"end":{"line":86,"column":11}},"20":{"start":{"line":89,"column":6},"end":{"line":112,"column":9}},"21":{"start":{"line":90,"column":8},"end":{"line":94,"column":9}},"22":{"start":{"line":91,"column":10},"end":{"line":93,"column":13}},"23":{"start":{"line":96,"column":22},"end":{"line":104,"column":null}},"24":{"start":{"line":107,"column":8},"end":{"line":111,"column":11}},"25":{"start":{"line":115,"column":6},"end":{"line":115,"column":43}},"26":{"start":{"line":138,"column":0},"end":{"line":150,"column":3}},"27":{"start":{"line":139,"column":13},"end":{"line":139,"column":30}},"28":{"start":{"line":140,"column":2},"end":{"line":149,"column":7}},"29":{"start":{"line":143,"column":6},"end":{"line":145,"column":9}},"30":{"start":{"line":148,"column":6},"end":{"line":148,"column":43}},"31":{"start":{"line":152,"column":0},"end":{"line":152,"column":22}}},"fnMap":{"0":{"name":"(anonymous_1)","decl":{"start":{"line":44,"column":23},"end":{"line":44,"column":24}},"loc":{"start":{"line":44,"column":75},"end":{"line":51,"column":1}}},"1":{"name":"(anonymous_2)","decl":{"start":{"line":77,"column":22},"end":{"line":77,"column":23}},"loc":{"start":{"line":77,"column":74},"end":{"line":117,"column":1}}},"2":{"name":"(anonymous_3)","decl":{"start":{"line":82,"column":10},"end":{"line":82,"column":11}},"loc":{"start":{"line":82,"column":24},"end":{"line":113,"column":5}}},"3":{"name":"(anonymous_4)","decl":{"start":{"line":89,"column":46},"end":{"line":89,"column":47}},"loc":{"start":{"line":89,"column":72},"end":{"line":112,"column":7}}},"4":{"name":"(anonymous_5)","decl":{"start":{"line":114,"column":11},"end":{"line":114,"column":12}},"loc":{"start":{"line":114,"column":24},"end":{"line":116,"column":5}}},"5":{"name":"(anonymous_6)","decl":{"start":{"line":138,"column":26},"end":{"line":138,"column":27}},"loc":{"start":{"line":138,"column":78},"end":{"line":150,"column":1}}},"6":{"name":"(anonymous_7)","decl":{"start":{"line":142,"column":10},"end":{"line":142,"column":11}},"loc":{"start":{"line":142,"column":26},"end":{"line":146,"column":5}}},"7":{"name":"(anonymous_8)","decl":{"start":{"line":147,"column":11},"end":{"line":147,"column":12}},"loc":{"start":{"line":147,"column":24},"end":{"line":149,"column":5}}}},"branchMap":{"0":{"loc":{"start":{"line":47,"column":2},"end":{"line":49,"column":3}},"type":"if","locations":[{"start":{"line":47,"column":2},"end":{"line":49,"column":3}}]},"1":{"loc":{"start":{"line":83,"column":6},"end":{"line":87,"column":7}},"type":"if","locations":[{"start":{"line":83,"column":6},"end":{"line":87,"column":7}}]},"2":{"loc":{"start":{"line":90,"column":8},"end":{"line":94,"column":9}},"type":"if","locations":[{"start":{"line":90,"column":8},"end":{"line":94,"column":9}}]},"3":{"loc":{"start":{"line":90,"column":12},"end":{"line":90,"column":26}},"type":"binary-expr","locations":[{"start":{"line":90,"column":12},"end":{"line":90,"column":15}},{"start":{"line":90,"column":19},"end":{"line":90,"column":26}}]}},"s":{"0":1,"1":1,"2":1,"3":1,"4":1,"5":1,"6":1,"7":1,"8":1,"9":1,"10":1,"11":3,"12":3,"13":1,"14":2,"15":1,"16":3,"17":3,"18":3,"19":0,"20":3,"21":3,"22":2,"23":1,"24":1,"25":0,"26":1,"27":0,"28":0,"29":0,"30":0,"31":1},"f":{"0":3,"1":3,"2":3,"3":3,"4":0,"5":0,"6":0,"7":0},"b":{"0":[1],"1":[0],"2":[2],"3":[3,2]}}
,"C:\\Users\\Mr Robot\\Desktop\\Backend\\dist\\app.js": {"path":"C:\\Users\\Mr Robot\\Desktop\\Backend\\dist\\app.js","statementMap":{"0":{"start":{"line":2,"column":22},"end":{"line":4,"column":1}},"1":{"start":{"line":3,"column":4},"end":{"line":3,"column":62}},"2":{"start":{"line":5,"column":0},"end":{"line":5,"column":62}},"3":{"start":{"line":6,"column":18},"end":{"line":6,"column":53}},"4":{"start":{"line":7,"column":17},"end":{"line":7,"column":51}},"5":{"start":{"line":8,"column":22},"end":{"line":8,"column":61}},"6":{"start":{"line":9,"column":19},"end":{"line":9,"column":55}},"7":{"start":{"line":10,"column":17},"end":{"line":10,"column":51}},"8":{"start":{"line":11,"column":24},"end":{"line":11,"column":65}},"9":{"start":{"line":12,"column":29},"end":{"line":12,"column":75}},"10":{"start":{"line":13,"column":25},"end":{"line":13,"column":69}},"11":{"start":{"line":14,"column":0},"end":{"line":14,"column":26}},"12":{"start":{"line":15,"column":12},"end":{"line":15,"column":36}},"13":{"start":{"line":17,"column":0},"end":{"line":17,"column":38}},"14":{"start":{"line":18,"column":0},"end":{"line":18,"column":57}},"15":{"start":{"line":19,"column":0},"end":{"line":19,"column":63}},"16":{"start":{"line":20,"column":0},"end":{"line":20,"column":38}},"17":{"start":{"line":22,"column":0},"end":{"line":30,"column":3}},"18":{"start":{"line":23,"column":4},"end":{"line":23,"column":51}},"19":{"start":{"line":24,"column":4},"end":{"line":24,"column":104}},"20":{"start":{"line":25,"column":4},"end":{"line":28,"column":5}},"21":{"start":{"line":26,"column":8},"end":{"line":26,"column":84}},"22":{"start":{"line":27,"column":8},"end":{"line":27,"column":40}},"23":{"start":{"line":29,"column":4},"end":{"line":29,"column":11}},"24":{"start":{"line":32,"column":0},"end":{"line":32,"column":53}},"25":{"start":{"line":33,"column":0},"end":{"line":33,"column":44}},"26":{"start":{"line":35,"column":14},"end":{"line":35,"column":68}},"27":{"start":{"line":36,"column":0},"end":{"line":36,"column":100}},"28":{"start":{"line":38,"column":16},"end":{"line":38,"column":58}},"29":{"start":{"line":39,"column":19},"end":{"line":39,"column":64}},"30":{"start":{"line":40,"column":15},"end":{"line":40,"column":56}},"31":{"start":{"line":41,"column":19},"end":{"line":41,"column":64}},"32":{"start":{"line":42,"column":0},"end":{"line":42,"column":42}},"33":{"start":{"line":43,"column":0},"end":{"line":43,"column":48}},"34":{"start":{"line":44,"column":0},"end":{"line":44,"column":40}},"35":{"start":{"line":45,"column":0},"end":{"line":45,"column":48}},"36":{"start":{"line":47,"column":0},"end":{"line":51,"column":3}},"37":{"start":{"line":48,"column":18},"end":{"line":48,"column":72}},"38":{"start":{"line":49,"column":4},"end":{"line":49,"column":23}},"39":{"start":{"line":50,"column":4},"end":{"line":50,"column":16}},"40":{"start":{"line":52,"column":0},"end":{"line":59,"column":3}},"41":{"start":{"line":53,"column":4},"end":{"line":53,"column":36}},"42":{"start":{"line":54,"column":4},"end":{"line":58,"column":7}},"43":{"start":{"line":60,"column":0},"end":{"line":60,"column":22}}},"fnMap":{"0":{"name":"(anonymous_0)","decl":{"start":{"line":2,"column":56},"end":{"line":2,"column":57}},"loc":{"start":{"line":2,"column":71},"end":{"line":4,"column":1}},"line":2},"1":{"name":"(anonymous_1)","decl":{"start":{"line":22,"column":8},"end":{"line":22,"column":9}},"loc":{"start":{"line":22,"column":28},"end":{"line":30,"column":1}},"line":22},"2":{"name":"(anonymous_2)","decl":{"start":{"line":47,"column":8},"end":{"line":47,"column":9}},"loc":{"start":{"line":47,"column":28},"end":{"line":51,"column":1}},"line":47},"3":{"name":"(anonymous_3)","decl":{"start":{"line":52,"column":8},"end":{"line":52,"column":9}},"loc":{"start":{"line":52,"column":35},"end":{"line":59,"column":1}},"line":52}},"branchMap":{"0":{"loc":{"start":{"line":2,"column":22},"end":{"line":4,"column":1}},"type":"binary-expr","locations":[{"start":{"line":2,"column":23},"end":{"line":2,"column":27}},{"start":{"line":2,"column":31},"end":{"line":2,"column":51}},{"start":{"line":2,"column":56},"end":{"line":4,"column":1}}],"line":2},"1":{"loc":{"start":{"line":3,"column":11},"end":{"line":3,"column":61}},"type":"cond-expr","locations":[{"start":{"line":3,"column":37},"end":{"line":3,"column":40}},{"start":{"line":3,"column":43},"end":{"line":3,"column":61}}],"line":3},"2":{"loc":{"start":{"line":3,"column":12},"end":{"line":3,"column":33}},"type":"binary-expr","locations":[{"start":{"line":3,"column":12},"end":{"line":3,"column":15}},{"start":{"line":3,"column":19},"end":{"line":3,"column":33}}],"line":3},"3":{"loc":{"start":{"line":25,"column":4},"end":{"line":28,"column":5}},"type":"if","locations":[{"start":{"line":25,"column":4},"end":{"line":28,"column":5}},{"start":{},"end":{}}],"line":25},"4":{"loc":{"start":{"line":53,"column":15},"end":{"line":53,"column":34}},"type":"binary-expr","locations":[{"start":{"line":53,"column":15},"end":{"line":53,"column":27}},{"start":{"line":53,"column":31},"end":{"line":53,"column":34}}],"line":53}},"s":{"0":1,"1":12,"2":1,"3":1,"4":1,"5":1,"6":1,"7":1,"8":1,"9":1,"10":1,"11":1,"12":1,"13":1,"14":1,"15":1,"16":1,"17":1,"18":41,"19":41,"20":41,"21":0,"22":0,"23":41,"24":1,"25":1,"26":1,"27":1,"28":1,"29":1,"30":1,"31":1,"32":1,"33":1,"34":1,"35":1,"36":1,"37":3,"38":3,"39":3,"40":1,"41":3,"42":3,"43":1},"f":{"0":12,"1":41,"2":3,"3":3},"b":{"0":[1,1,1],"1":[5,7],"2":[12,12],"3":[0,41],"4":[3,0]},"inputSourceMap":null,"_coverageSchema":"1a1c01bbd47fc00a2c39e90264f33305004495a9","hash":"354e758015c601b83b499e6a71dbd1ea857e3cb1"}
,"C:\\Users\\Mr Robot\\Desktop\\Backend\\dist\\swaggerOptions.js": {"path":"C:\\Users\\Mr Robot\\Desktop\\Backend\\dist\\swaggerOptions.js","statementMap":{"0":{"start":{"line":2,"column":0},"end":{"line":2,"column":62}},"1":{"start":{"line":3,"column":16},"end":{"line":34,"column":1}},"2":{"start":{"line":35,"column":0},"end":{"line":35,"column":26}}},"fnMap":{},"branchMap":{},"s":{"0":1,"1":1,"2":1},"f":{},"b":{},"inputSourceMap":null,"_coverageSchema":"1a1c01bbd47fc00a2c39e90264f33305004495a9","hash":"5013d3ac3fb2560e91d434bade79b2abb07975df"}
,"C:\\Users\\Mr Robot\\Desktop\\Backend\\dist\\controllers\\user.js": {"path":"C:\\Users\\Mr Robot\\Desktop\\Backend\\dist\\controllers\\user.js","statementMap":{"0":{"start":{"line":2,"column":22},"end":{"line":4,"column":1}},"1":{"start":{"line":3,"column":4},"end":{"line":3,"column":62}},"2":{"start":{"line":5,"column":0},"end":{"line":5,"column":62}},"3":{"start":{"line":6,"column":19},"end":{"line":6,"column":55}},"4":{"start":{"line":7,"column":17},"end":{"line":7,"column":51}},"5":{"start":{"line":8,"column":15},"end":{"line":8,"column":57}},"6":{"start":{"line":9,"column":19},"end":{"line":52,"column":1}},"7":{"start":{"line":10,"column":32},"end":{"line":10,"column":40}},"8":{"start":{"line":11,"column":4},"end":{"line":51,"column":7}},"9":{"start":{"line":14,"column":8},"end":{"line":45,"column":9}},"10":{"start":{"line":15,"column":12},"end":{"line":17,"column":15}},"11":{"start":{"line":20,"column":12},"end":{"line":44,"column":15}},"12":{"start":{"line":21,"column":16},"end":{"line":43,"column":17}},"13":{"start":{"line":22,"column":20},"end":{"line":22,"column":64}},"14":{"start":{"line":25,"column":36},"end":{"line":29,"column":22}},"15":{"start":{"line":30,"column":20},"end":{"line":42,"column":23}},"16":{"start":{"line":33,"column":24},"end":{"line":33,"column":44}},"17":{"start":{"line":34,"column":24},"end":{"line":36,"column":27}},"18":{"start":{"line":39,"column":24},"end":{"line":41,"column":27}},"19":{"start":{"line":48,"column":8},"end":{"line":50,"column":11}},"20":{"start":{"line":53,"column":0},"end":{"line":53,"column":29}}},"fnMap":{"0":{"name":"(anonymous_0)","decl":{"start":{"line":2,"column":56},"end":{"line":2,"column":57}},"loc":{"start":{"line":2,"column":71},"end":{"line":4,"column":1}},"line":2},"1":{"name":"(anonymous_1)","decl":{"start":{"line":9,"column":19},"end":{"line":9,"column":20}},"loc":{"start":{"line":9,"column":39},"end":{"line":52,"column":1}},"line":9},"2":{"name":"(anonymous_2)","decl":{"start":{"line":13,"column":14},"end":{"line":13,"column":15}},"loc":{"start":{"line":13,"column":24},"end":{"line":46,"column":5}},"line":13},"3":{"name":"(anonymous_3)","decl":{"start":{"line":20,"column":48},"end":{"line":20,"column":49}},"loc":{"start":{"line":20,"column":63},"end":{"line":44,"column":13}},"line":20},"4":{"name":"(anonymous_4)","decl":{"start":{"line":32,"column":30},"end":{"line":32,"column":31}},"loc":{"start":{"line":32,"column":42},"end":{"line":37,"column":21}},"line":32},"5":{"name":"(anonymous_5)","decl":{"start":{"line":38,"column":31},"end":{"line":38,"column":32}},"loc":{"start":{"line":38,"column":40},"end":{"line":42,"column":21}},"line":38},"6":{"name":"(anonymous_6)","decl":{"start":{"line":47,"column":15},"end":{"line":47,"column":16}},"loc":{"start":{"line":47,"column":24},"end":{"line":51,"column":5}},"line":47}},"branchMap":{"0":{"loc":{"start":{"line":2,"column":22},"end":{"line":4,"column":1}},"type":"binary-expr","locations":[{"start":{"line":2,"column":23},"end":{"line":2,"column":27}},{"start":{"line":2,"column":31},"end":{"line":2,"column":51}},{"start":{"line":2,"column":56},"end":{"line":4,"column":1}}],"line":2},"1":{"loc":{"start":{"line":3,"column":11},"end":{"line":3,"column":61}},"type":"cond-expr","locations":[{"start":{"line":3,"column":37},"end":{"line":3,"column":40}},{"start":{"line":3,"column":43},"end":{"line":3,"column":61}}],"line":3},"2":{"loc":{"start":{"line":3,"column":12},"end":{"line":3,"column":33}},"type":"binary-expr","locations":[{"start":{"line":3,"column":12},"end":{"line":3,"column":15}},{"start":{"line":3,"column":19},"end":{"line":3,"column":33}}],"line":3},"3":{"loc":{"start":{"line":14,"column":8},"end":{"line":45,"column":9}},"type":"if","locations":[{"start":{"line":14,"column":8},"end":{"line":45,"column":9}},{"start":{"line":19,"column":13},"end":{"line":45,"column":9}}],"line":14},"4":{"loc":{"start":{"line":21,"column":16},"end":{"line":43,"column":17}},"type":"if","locations":[{"start":{"line":21,"column":16},"end":{"line":43,"column":17}},{"start":{"line":24,"column":21},"end":{"line":43,"column":17}}],"line":21}},"s":{"0":1,"1":3,"2":1,"3":1,"4":1,"5":1,"6":1,"7":2,"8":2,"9":2,"10":1,"11":1,"12":1,"13":0,"14":1,"15":1,"16":1,"17":1,"18":0,"19":0,"20":1},"f":{"0":3,"1":2,"2":2,"3":1,"4":1,"5":0,"6":0},"b":{"0":[1,1,1],"1":[1,2],"2":[3,3],"3":[1,1],"4":[0,1]},"inputSourceMap":null,"_coverageSchema":"1a1c01bbd47fc00a2c39e90264f33305004495a9","hash":"86ab83fcc660a7b8ad89b790bfc2a92f44ee8a72"}
,"C:\\Users\\Mr Robot\\Desktop\\Backend\\dist\\middleware\\check-auth.js": {"path":"C:\\Users\\Mr Robot\\Desktop\\Backend\\dist\\middleware\\check-auth.js","statementMap":{"0":{"start":{"line":2,"column":22},"end":{"line":4,"column":1}},"1":{"start":{"line":3,"column":4},"end":{"line":3,"column":62}},"2":{"start":{"line":5,"column":0},"end":{"line":5,"column":62}},"3":{"start":{"line":6,"column":23},"end":{"line":6,"column":63}},"4":{"start":{"line":7,"column":17},"end":{"line":7,"column":51}},"5":{"start":{"line":8,"column":0},"end":{"line":8,"column":26}},"6":{"start":{"line":9,"column":18},"end":{"line":25,"column":1}},"7":{"start":{"line":11,"column":4},"end":{"line":24,"column":5}},"8":{"start":{"line":12,"column":22},"end":{"line":12,"column":108}},"9":{"start":{"line":13,"column":8},"end":{"line":15,"column":9}},"10":{"start":{"line":14,"column":12},"end":{"line":14,"column":52}},"11":{"start":{"line":16,"column":24},"end":{"line":16,"column":81}},"12":{"start":{"line":17,"column":8},"end":{"line":17,"column":31}},"13":{"start":{"line":18,"column":8},"end":{"line":18,"column":15}},"14":{"start":{"line":21,"column":8},"end":{"line":23,"column":11}},"15":{"start":{"line":26,"column":0},"end":{"line":26,"column":28}}},"fnMap":{"0":{"name":"(anonymous_0)","decl":{"start":{"line":2,"column":56},"end":{"line":2,"column":57}},"loc":{"start":{"line":2,"column":71},"end":{"line":4,"column":1}},"line":2},"1":{"name":"(anonymous_1)","decl":{"start":{"line":9,"column":18},"end":{"line":9,"column":19}},"loc":{"start":{"line":9,"column":38},"end":{"line":25,"column":1}},"line":9}},"branchMap":{"0":{"loc":{"start":{"line":2,"column":22},"end":{"line":4,"column":1}},"type":"binary-expr","locations":[{"start":{"line":2,"column":23},"end":{"line":2,"column":27}},{"start":{"line":2,"column":31},"end":{"line":2,"column":51}},{"start":{"line":2,"column":56},"end":{"line":4,"column":1}}],"line":2},"1":{"loc":{"start":{"line":3,"column":11},"end":{"line":3,"column":61}},"type":"cond-expr","locations":[{"start":{"line":3,"column":37},"end":{"line":3,"column":40}},{"start":{"line":3,"column":43},"end":{"line":3,"column":61}}],"line":3},"2":{"loc":{"start":{"line":3,"column":12},"end":{"line":3,"column":33}},"type":"binary-expr","locations":[{"start":{"line":3,"column":12},"end":{"line":3,"column":15}},{"start":{"line":3,"column":19},"end":{"line":3,"column":33}}],"line":3},"3":{"loc":{"start":{"line":12,"column":22},"end":{"line":12,"column":108}},"type":"cond-expr","locations":[{"start":{"line":12,"column":83},"end":{"line":12,"column":89}},{"start":{"line":12,"column":92},"end":{"line":12,"column":108}}],"line":12},"4":{"loc":{"start":{"line":12,"column":22},"end":{"line":12,"column":80}},"type":"binary-expr","locations":[{"start":{"line":12,"column":22},"end":{"line":12,"column":63}},{"start":{"line":12,"column":67},"end":{"line":12,"column":80}}],"line":12},"5":{"loc":{"start":{"line":13,"column":8},"end":{"line":15,"column":9}},"type":"if","locations":[{"start":{"line":13,"column":8},"end":{"line":15,"column":9}},{"start":{},"end":{}}],"line":13}},"s":{"0":1,"1":2,"2":1,"3":1,"4":1,"5":1,"6":1,"7":21,"8":21,"9":21,"10":6,"11":15,"12":15,"13":15,"14":6,"15":1},"f":{"0":2,"1":21},"b":{"0":[1,1,1],"1":[0,2],"2":[2,2],"3":[6,15],"4":[21,21],"5":[6,15]},"inputSourceMap":null,"_coverageSchema":"1a1c01bbd47fc00a2c39e90264f33305004495a9","hash":"1b0acaa6b21a1d3d0290eb4ba0a4d7d0e0841bfa"}
,"C:\\Users\\Mr Robot\\Desktop\\Backend\\dist\\models\\blog.js": {"path":"C:\\Users\\Mr Robot\\Desktop\\Backend\\dist\\models\\blog.js","statementMap":{"0":{"start":{"line":2,"column":22},"end":{"line":12,"column":3}},"1":{"start":{"line":3,"column":4},"end":{"line":3,"column":33}},"2":{"start":{"line":3,"column":26},"end":{"line":3,"column":33}},"3":{"start":{"line":4,"column":15},"end":{"line":4,"column":52}},"4":{"start":{"line":5,"column":4},"end":{"line":7,"column":5}},"5":{"start":{"line":6,"column":6},"end":{"line":6,"column":68}},"6":{"start":{"line":6,"column":51},"end":{"line":6,"column":63}},"7":{"start":{"line":8,"column":4},"end":{"line":8,"column":39}},"8":{"start":{"line":10,"column":4},"end":{"line":10,"column":33}},"9":{"start":{"line":10,"column":26},"end":{"line":10,"column":33}},"10":{"start":{"line":11,"column":4},"end":{"line":11,"column":17}},"11":{"start":{"line":13,"column":25},"end":{"line":17,"column":2}},"12":{"start":{"line":14,"column":4},"end":{"line":14,"column":72}},"13":{"start":{"line":16,"column":4},"end":{"line":16,"column":21}},"14":{"start":{"line":18,"column":19},"end":{"line":24,"column":1}},"15":{"start":{"line":19,"column":4},"end":{"line":19,"column":42}},"16":{"start":{"line":19,"column":31},"end":{"line":19,"column":42}},"17":{"start":{"line":20,"column":17},"end":{"line":20,"column":19}},"18":{"start":{"line":21,"column":4},"end":{"line":21,"column":141}},"19":{"start":{"line":21,"column":21},"end":{"line":21,"column":141}},"20":{"start":{"line":21,"column":40},"end":{"line":21,"column":141}},"21":{"start":{"line":21,"column":109},"end":{"line":21,"column":141}},"22":{"start":{"line":22,"column":4},"end":{"line":22,"column":36}},"23":{"start":{"line":23,"column":4},"end":{"line":23,"column":18}},"24":{"start":{"line":25,"column":0},"end":{"line":25,"column":62}},"25":{"start":{"line":26,"column":19},"end":{"line":26,"column":52}},"26":{"start":{"line":27,"column":19},"end":{"line":35,"column":2}},"27":{"start":{"line":36,"column":0},"end":{"line":36,"column":63}}},"fnMap":{"0":{"name":"(anonymous_0)","decl":{"start":{"line":2,"column":74},"end":{"line":2,"column":75}},"loc":{"start":{"line":2,"column":96},"end":{"line":9,"column":1}},"line":2},"1":{"name":"(anonymous_1)","decl":{"start":{"line":6,"column":38},"end":{"line":6,"column":39}},"loc":{"start":{"line":6,"column":49},"end":{"line":6,"column":65}},"line":6},"2":{"name":"(anonymous_2)","decl":{"start":{"line":9,"column":6},"end":{"line":9,"column":7}},"loc":{"start":{"line":9,"column":28},"end":{"line":12,"column":1}},"line":9},"3":{"name":"(anonymous_3)","decl":{"start":{"line":13,"column":80},"end":{"line":13,"column":81}},"loc":{"start":{"line":13,"column":95},"end":{"line":15,"column":1}},"line":13},"4":{"name":"(anonymous_4)","decl":{"start":{"line":15,"column":5},"end":{"line":15,"column":6}},"loc":{"start":{"line":15,"column":20},"end":{"line":17,"column":1}},"line":15},"5":{"name":"(anonymous_5)","decl":{"start":{"line":18,"column":50},"end":{"line":18,"column":51}},"loc":{"start":{"line":18,"column":65},"end":{"line":24,"column":1}},"line":18}},"branchMap":{"0":{"loc":{"start":{"line":2,"column":22},"end":{"line":12,"column":3}},"type":"binary-expr","locations":[{"start":{"line":2,"column":23},"end":{"line":2,"column":27}},{"start":{"line":2,"column":31},"end":{"line":2,"column":51}},{"start":{"line":2,"column":57},"end":{"line":12,"column":2}}],"line":2},"1":{"loc":{"start":{"line":2,"column":57},"end":{"line":12,"column":2}},"type":"cond-expr","locations":[{"start":{"line":2,"column":74},"end":{"line":9,"column":1}},{"start":{"line":9,"column":6},"end":{"line":12,"column":1}}],"line":2},"2":{"loc":{"start":{"line":3,"column":4},"end":{"line":3,"column":33}},"type":"if","locations":[{"start":{"line":3,"column":4},"end":{"line":3,"column":33}},{"start":{},"end":{}}],"line":3},"3":{"loc":{"start":{"line":5,"column":4},"end":{"line":7,"column":5}},"type":"if","locations":[{"start":{"line":5,"column":4},"end":{"line":7,"column":5}},{"start":{},"end":{}}],"line":5},"4":{"loc":{"start":{"line":5,"column":8},"end":{"line":5,"column":85}},"type":"binary-expr","locations":[{"start":{"line":5,"column":8},"end":{"line":5,"column":13}},{"start":{"line":5,"column":18},"end":{"line":5,"column":84}}],"line":5},"5":{"loc":{"start":{"line":5,"column":18},"end":{"line":5,"column":84}},"type":"cond-expr","locations":[{"start":{"line":5,"column":34},"end":{"line":5,"column":47}},{"start":{"line":5,"column":50},"end":{"line":5,"column":84}}],"line":5},"6":{"loc":{"start":{"line":5,"column":50},"end":{"line":5,"column":84}},"type":"binary-expr","locations":[{"start":{"line":5,"column":50},"end":{"line":5,"column":63}},{"start":{"line":5,"column":67},"end":{"line":5,"column":84}}],"line":5},"7":{"loc":{"start":{"line":10,"column":4},"end":{"line":10,"column":33}},"type":"if","locations":[{"start":{"line":10,"column":4},"end":{"line":10,"column":33}},{"start":{},"end":{}}],"line":10},"8":{"loc":{"start":{"line":13,"column":25},"end":{"line":17,"column":2}},"type":"binary-expr","locations":[{"start":{"line":13,"column":26},"end":{"line":13,"column":30}},{"start":{"line":13,"column":34},"end":{"line":13,"column":57}},{"start":{"line":13,"column":63},"end":{"line":17,"column":1}}],"line":13},"9":{"loc":{"start":{"line":13,"column":63},"end":{"line":17,"column":1}},"type":"cond-expr","locations":[{"start":{"line":13,"column":80},"end":{"line":15,"column":1}},{"start":{"line":15,"column":5},"end":{"line":17,"column":1}}],"line":13},"10":{"loc":{"start":{"line":18,"column":19},"end":{"line":24,"column":1}},"type":"binary-expr","locations":[{"start":{"line":18,"column":20},"end":{"line":18,"column":24}},{"start":{"line":18,"column":28},"end":{"line":18,"column":45}},{"start":{"line":18,"column":50},"end":{"line":24,"column":1}}],"line":18},"11":{"loc":{"start":{"line":19,"column":4},"end":{"line":19,"column":42}},"type":"if","locations":[{"start":{"line":19,"column":4},"end":{"line":19,"column":42}},{"start":{},"end":{}}],"line":19},"12":{"loc":{"start":{"line":19,"column":8},"end":{"line":19,"column":29}},"type":"binary-expr","locations":[{"start":{"line":19,"column":8},"end":{"line":19,"column":11}},{"start":{"line":19,"column":15},"end":{"line":19,"column":29}}],"line":19},"13":{"loc":{"start":{"line":21,"column":4},"end":{"line":21,"column":141}},"type":"if","locations":[{"start":{"line":21,"column":4},"end":{"line":21,"column":141}},{"start":{},"end":{}}],"line":21},"14":{"loc":{"start":{"line":21,"column":40},"end":{"line":21,"column":141}},"type":"if","locations":[{"start":{"line":21,"column":40},"end":{"line":21,"column":141}},{"start":{},"end":{}}],"line":21},"15":{"loc":{"start":{"line":21,"column":44},"end":{"line":21,"column":107}},"type":"binary-expr","locations":[{"start":{"line":21,"column":44},"end":{"line":21,"column":59}},{"start":{"line":21,"column":63},"end":{"line":21,"column":107}}],"line":21}},"s":{"0":1,"1":53,"2":53,"3":53,"4":53,"5":52,"6":2,"7":53,"8":0,"9":0,"10":0,"11":1,"12":1,"13":0,"14":1,"15":1,"16":0,"17":1,"18":1,"19":1,"20":61,"21":53,"22":1,"23":1,"24":1,"25":1,"26":1,"27":1},"f":{"0":53,"1":2,"2":0,"3":1,"4":0,"5":1},"b":{"0":[1,1,1],"1":[1,0],"2":[53,0],"3":[52,1],"4":[53,53],"5":[0,53],"6":[53,1],"7":[0,0],"8":[1,1,1],"9":[1,0],"10":[1,1,1],"11":[0,1],"12":[1,1],"13":[1,0],"14":[53,8],"15":[61,60]},"inputSourceMap":null,"_coverageSchema":"1a1c01bbd47fc00a2c39e90264f33305004495a9","hash":"1794cda7f0d8288dee67affa275223e8eae909ec"}
,"C:\\Users\\Mr Robot\\Desktop\\Backend\\dist\\models\\comment.js": {"path":"C:\\Users\\Mr Robot\\Desktop\\Backend\\dist\\models\\comment.js","statementMap":{"0":{"start":{"line":2,"column":22},"end":{"line":12,"column":3}},"1":{"start":{"line":3,"column":4},"end":{"line":3,"column":33}},"2":{"start":{"line":3,"column":26},"end":{"line":3,"column":33}},"3":{"start":{"line":4,"column":15},"end":{"line":4,"column":52}},"4":{"start":{"line":5,"column":4},"end":{"line":7,"column":5}},"5":{"start":{"line":6,"column":6},"end":{"line":6,"column":68}},"6":{"start":{"line":6,"column":51},"end":{"line":6,"column":63}},"7":{"start":{"line":8,"column":4},"end":{"line":8,"column":39}},"8":{"start":{"line":10,"column":4},"end":{"line":10,"column":33}},"9":{"start":{"line":10,"column":26},"end":{"line":10,"column":33}},"10":{"start":{"line":11,"column":4},"end":{"line":11,"column":17}},"11":{"start":{"line":13,"column":25},"end":{"line":17,"column":2}},"12":{"start":{"line":14,"column":4},"end":{"line":14,"column":72}},"13":{"start":{"line":16,"column":4},"end":{"line":16,"column":21}},"14":{"start":{"line":18,"column":19},"end":{"line":24,"column":1}},"15":{"start":{"line":19,"column":4},"end":{"line":19,"column":42}},"16":{"start":{"line":19,"column":31},"end":{"line":19,"column":42}},"17":{"start":{"line":20,"column":17},"end":{"line":20,"column":19}},"18":{"start":{"line":21,"column":4},"end":{"line":21,"column":141}},"19":{"start":{"line":21,"column":21},"end":{"line":21,"column":141}},"20":{"start":{"line":21,"column":40},"end":{"line":21,"column":141}},"21":{"start":{"line":21,"column":109},"end":{"line":21,"column":141}},"22":{"start":{"line":22,"column":4},"end":{"line":22,"column":36}},"23":{"start":{"line":23,"column":4},"end":{"line":23,"column":18}},"24":{"start":{"line":25,"column":0},"end":{"line":25,"column":62}},"25":{"start":{"line":26,"column":19},"end":{"line":26,"column":52}},"26":{"start":{"line":27,"column":22},"end":{"line":34,"column":2}},"27":{"start":{"line":35,"column":0},"end":{"line":35,"column":69}}},"fnMap":{"0":{"name":"(anonymous_0)","decl":{"start":{"line":2,"column":74},"end":{"line":2,"column":75}},"loc":{"start":{"line":2,"column":96},"end":{"line":9,"column":1}},"line":2},"1":{"name":"(anonymous_1)","decl":{"start":{"line":6,"column":38},"end":{"line":6,"column":39}},"loc":{"start":{"line":6,"column":49},"end":{"line":6,"column":65}},"line":6},"2":{"name":"(anonymous_2)","decl":{"start":{"line":9,"column":6},"end":{"line":9,"column":7}},"loc":{"start":{"line":9,"column":28},"end":{"line":12,"column":1}},"line":9},"3":{"name":"(anonymous_3)","decl":{"start":{"line":13,"column":80},"end":{"line":13,"column":81}},"loc":{"start":{"line":13,"column":95},"end":{"line":15,"column":1}},"line":13},"4":{"name":"(anonymous_4)","decl":{"start":{"line":15,"column":5},"end":{"line":15,"column":6}},"loc":{"start":{"line":15,"column":20},"end":{"line":17,"column":1}},"line":15},"5":{"name":"(anonymous_5)","decl":{"start":{"line":18,"column":50},"end":{"line":18,"column":51}},"loc":{"start":{"line":18,"column":65},"end":{"line":24,"column":1}},"line":18}},"branchMap":{"0":{"loc":{"start":{"line":2,"column":22},"end":{"line":12,"column":3}},"type":"binary-expr","locations":[{"start":{"line":2,"column":23},"end":{"line":2,"column":27}},{"start":{"line":2,"column":31},"end":{"line":2,"column":51}},{"start":{"line":2,"column":57},"end":{"line":12,"column":2}}],"line":2},"1":{"loc":{"start":{"line":2,"column":57},"end":{"line":12,"column":2}},"type":"cond-expr","locations":[{"start":{"line":2,"column":74},"end":{"line":9,"column":1}},{"start":{"line":9,"column":6},"end":{"line":12,"column":1}}],"line":2},"2":{"loc":{"start":{"line":3,"column":4},"end":{"line":3,"column":33}},"type":"if","locations":[{"start":{"line":3,"column":4},"end":{"line":3,"column":33}},{"start":{},"end":{}}],"line":3},"3":{"loc":{"start":{"line":5,"column":4},"end":{"line":7,"column":5}},"type":"if","locations":[{"start":{"line":5,"column":4},"end":{"line":7,"column":5}},{"start":{},"end":{}}],"line":5},"4":{"loc":{"start":{"line":5,"column":8},"end":{"line":5,"column":85}},"type":"binary-expr","locations":[{"start":{"line":5,"column":8},"end":{"line":5,"column":13}},{"start":{"line":5,"column":18},"end":{"line":5,"column":84}}],"line":5},"5":{"loc":{"start":{"line":5,"column":18},"end":{"line":5,"column":84}},"type":"cond-expr","locations":[{"start":{"line":5,"column":34},"end":{"line":5,"column":47}},{"start":{"line":5,"column":50},"end":{"line":5,"column":84}}],"line":5},"6":{"loc":{"start":{"line":5,"column":50},"end":{"line":5,"column":84}},"type":"binary-expr","locations":[{"start":{"line":5,"column":50},"end":{"line":5,"column":63}},{"start":{"line":5,"column":67},"end":{"line":5,"column":84}}],"line":5},"7":{"loc":{"start":{"line":10,"column":4},"end":{"line":10,"column":33}},"type":"if","locations":[{"start":{"line":10,"column":4},"end":{"line":10,"column":33}},{"start":{},"end":{}}],"line":10},"8":{"loc":{"start":{"line":13,"column":25},"end":{"line":17,"column":2}},"type":"binary-expr","locations":[{"start":{"line":13,"column":26},"end":{"line":13,"column":30}},{"start":{"line":13,"column":34},"end":{"line":13,"column":57}},{"start":{"line":13,"column":63},"end":{"line":17,"column":1}}],"line":13},"9":{"loc":{"start":{"line":13,"column":63},"end":{"line":17,"column":1}},"type":"cond-expr","locations":[{"start":{"line":13,"column":80},"end":{"line":15,"column":1}},{"start":{"line":15,"column":5},"end":{"line":17,"column":1}}],"line":13},"10":{"loc":{"start":{"line":18,"column":19},"end":{"line":24,"column":1}},"type":"binary-expr","locations":[{"start":{"line":18,"column":20},"end":{"line":18,"column":24}},{"start":{"line":18,"column":28},"end":{"line":18,"column":45}},{"start":{"line":18,"column":50},"end":{"line":24,"column":1}}],"line":18},"11":{"loc":{"start":{"line":19,"column":4},"end":{"line":19,"column":42}},"type":"if","locations":[{"start":{"line":19,"column":4},"end":{"line":19,"column":42}},{"start":{},"end":{}}],"line":19},"12":{"loc":{"start":{"line":19,"column":8},"end":{"line":19,"column":29}},"type":"binary-expr","locations":[{"start":{"line":19,"column":8},"end":{"line":19,"column":11}},{"start":{"line":19,"column":15},"end":{"line":19,"column":29}}],"line":19},"13":{"loc":{"start":{"line":21,"column":4},"end":{"line":21,"column":141}},"type":"if","locations":[{"start":{"line":21,"column":4},"end":{"line":21,"column":141}},{"start":{},"end":{}}],"line":21},"14":{"loc":{"start":{"line":21,"column":40},"end":{"line":21,"column":141}},"type":"if","locations":[{"start":{"line":21,"column":40},"end":{"line":21,"column":141}},{"start":{},"end":{}}],"line":21},"15":{"loc":{"start":{"line":21,"column":44},"end":{"line":21,"column":107}},"type":"binary-expr","locations":[{"start":{"line":21,"column":44},"end":{"line":21,"column":59}},{"start":{"line":21,"column":63},"end":{"line":21,"column":107}}],"line":21}},"s":{"0":1,"1":53,"2":53,"3":53,"4":53,"5":52,"6":4,"7":53,"8":0,"9":0,"10":0,"11":1,"12":1,"13":0,"14":1,"15":1,"16":0,"17":1,"18":1,"19":1,"20":61,"21":53,"22":1,"23":1,"24":1,"25":1,"26":1,"27":1},"f":{"0":53,"1":4,"2":0,"3":1,"4":0,"5":1},"b":{"0":[1,1,1],"1":[1,0],"2":[53,0],"3":[52,1],"4":[53,53],"5":[0,53],"6":[53,1],"7":[0,0],"8":[1,1,1],"9":[1,0],"10":[1,1,1],"11":[0,1],"12":[1,1],"13":[1,0],"14":[53,8],"15":[61,60]},"inputSourceMap":null,"_coverageSchema":"1a1c01bbd47fc00a2c39e90264f33305004495a9","hash":"1640ae02384ac2e6ddd598776389a09f3dd99185"}
,"C:\\Users\\Mr Robot\\Desktop\\Backend\\dist\\models\\message.js": {"path":"C:\\Users\\Mr Robot\\Desktop\\Backend\\dist\\models\\message.js","statementMap":{"0":{"start":{"line":2,"column":22},"end":{"line":12,"column":3}},"1":{"start":{"line":3,"column":4},"end":{"line":3,"column":33}},"2":{"start":{"line":3,"column":26},"end":{"line":3,"column":33}},"3":{"start":{"line":4,"column":15},"end":{"line":4,"column":52}},"4":{"start":{"line":5,"column":4},"end":{"line":7,"column":5}},"5":{"start":{"line":6,"column":6},"end":{"line":6,"column":68}},"6":{"start":{"line":6,"column":51},"end":{"line":6,"column":63}},"7":{"start":{"line":8,"column":4},"end":{"line":8,"column":39}},"8":{"start":{"line":10,"column":4},"end":{"line":10,"column":33}},"9":{"start":{"line":10,"column":26},"end":{"line":10,"column":33}},"10":{"start":{"line":11,"column":4},"end":{"line":11,"column":17}},"11":{"start":{"line":13,"column":25},"end":{"line":17,"column":2}},"12":{"start":{"line":14,"column":4},"end":{"line":14,"column":72}},"13":{"start":{"line":16,"column":4},"end":{"line":16,"column":21}},"14":{"start":{"line":18,"column":19},"end":{"line":24,"column":1}},"15":{"start":{"line":19,"column":4},"end":{"line":19,"column":42}},"16":{"start":{"line":19,"column":31},"end":{"line":19,"column":42}},"17":{"start":{"line":20,"column":17},"end":{"line":20,"column":19}},"18":{"start":{"line":21,"column":4},"end":{"line":21,"column":141}},"19":{"start":{"line":21,"column":21},"end":{"line":21,"column":141}},"20":{"start":{"line":21,"column":40},"end":{"line":21,"column":141}},"21":{"start":{"line":21,"column":109},"end":{"line":21,"column":141}},"22":{"start":{"line":22,"column":4},"end":{"line":22,"column":36}},"23":{"start":{"line":23,"column":4},"end":{"line":23,"column":18}},"24":{"start":{"line":25,"column":0},"end":{"line":25,"column":62}},"25":{"start":{"line":26,"column":19},"end":{"line":26,"column":52}},"26":{"start":{"line":27,"column":22},"end":{"line":33,"column":24}},"27":{"start":{"line":34,"column":0},"end":{"line":34,"column":69}}},"fnMap":{"0":{"name":"(anonymous_0)","decl":{"start":{"line":2,"column":74},"end":{"line":2,"column":75}},"loc":{"start":{"line":2,"column":96},"end":{"line":9,"column":1}},"line":2},"1":{"name":"(anonymous_1)","decl":{"start":{"line":6,"column":38},"end":{"line":6,"column":39}},"loc":{"start":{"line":6,"column":49},"end":{"line":6,"column":65}},"line":6},"2":{"name":"(anonymous_2)","decl":{"start":{"line":9,"column":6},"end":{"line":9,"column":7}},"loc":{"start":{"line":9,"column":28},"end":{"line":12,"column":1}},"line":9},"3":{"name":"(anonymous_3)","decl":{"start":{"line":13,"column":80},"end":{"line":13,"column":81}},"loc":{"start":{"line":13,"column":95},"end":{"line":15,"column":1}},"line":13},"4":{"name":"(anonymous_4)","decl":{"start":{"line":15,"column":5},"end":{"line":15,"column":6}},"loc":{"start":{"line":15,"column":20},"end":{"line":17,"column":1}},"line":15},"5":{"name":"(anonymous_5)","decl":{"start":{"line":18,"column":50},"end":{"line":18,"column":51}},"loc":{"start":{"line":18,"column":65},"end":{"line":24,"column":1}},"line":18}},"branchMap":{"0":{"loc":{"start":{"line":2,"column":22},"end":{"line":12,"column":3}},"type":"binary-expr","locations":[{"start":{"line":2,"column":23},"end":{"line":2,"column":27}},{"start":{"line":2,"column":31},"end":{"line":2,"column":51}},{"start":{"line":2,"column":57},"end":{"line":12,"column":2}}],"line":2},"1":{"loc":{"start":{"line":2,"column":57},"end":{"line":12,"column":2}},"type":"cond-expr","locations":[{"start":{"line":2,"column":74},"end":{"line":9,"column":1}},{"start":{"line":9,"column":6},"end":{"line":12,"column":1}}],"line":2},"2":{"loc":{"start":{"line":3,"column":4},"end":{"line":3,"column":33}},"type":"if","locations":[{"start":{"line":3,"column":4},"end":{"line":3,"column":33}},{"start":{},"end":{}}],"line":3},"3":{"loc":{"start":{"line":5,"column":4},"end":{"line":7,"column":5}},"type":"if","locations":[{"start":{"line":5,"column":4},"end":{"line":7,"column":5}},{"start":{},"end":{}}],"line":5},"4":{"loc":{"start":{"line":5,"column":8},"end":{"line":5,"column":85}},"type":"binary-expr","locations":[{"start":{"line":5,"column":8},"en
[...]
,"C:\\Users\\Mr Robot\\Desktop\\Backend\\dist\\routes\\projects.js": {"path":"C:\\Users\\Mr Robot\\Desktop\\Backend\\dist\\routes\\projects.js","statementMap":{"0":{"start":{"line":2,"column":22},"end":{"line":4,"column":1}},"1":{"start":{"line":3,"column":4},"end":{"line":3,"column":62}},"2":{"start":{"line":5,"column":0},"end":{"line":5,"column":62}},"3":{"start":{"line":6,"column":18},"end":{"line":6,"column":53}},"4":{"start":{"line":7,"column":19},"end":{"line":7,"column":55}},"5":{"start":{"line":8,"column":17},"end":{"line":8,"column":51}},"6":{"start":{"line":9,"column":18},"end":{"line":9,"column":63}},"7":{"start":{"line":10,"column":21},"end":{"line":10,"column":73}},"8":{"start":{"line":11,"column":14},"end":{"line":11,"column":45}},"9":{"start":{"line":12,"column":15},"end":{"line":12,"column":57}},"10":{"start":{"line":13,"column":15},"end":{"line":13,"column":41}},"11":{"start":{"line":14,"column":16},"end":{"line":21,"column":2}},"12":{"start":{"line":16,"column":8},"end":{"line":16,"column":31}},"13":{"start":{"line":19,"column":8},"end":{"line":19,"column":36}},"14":{"start":{"line":22,"column":19},"end":{"line":29,"column":1}},"15":{"start":{"line":23,"column":4},"end":{"line":28,"column":5}},"16":{"start":{"line":24,"column":8},"end":{"line":24,"column":23}},"17":{"start":{"line":27,"column":8},"end":{"line":27,"column":24}},"18":{"start":{"line":30,"column":15},"end":{"line":36,"column":2}},"19":{"start":{"line":38,"column":22},"end":{"line":42,"column":2}},"20":{"start":{"line":67,"column":0},"end":{"line":92,"column":3}},"21":{"start":{"line":68,"column":4},"end":{"line":91,"column":7}},"22":{"start":{"line":72,"column":25},"end":{"line":86,"column":9}},"23":{"start":{"line":74,"column":41},"end":{"line":85,"column":13}},"24":{"start":{"line":87,"column":8},"end":{"line":87,"column":39}},"25":{"start":{"line":90,"column":8},"end":{"line":90,"column":45}},"26":{"start":{"line":117,"column":0},"end":{"line":173,"column":3}},"27":{"start":{"line":119,"column":29},"end":{"line":119,"column":61}},"28":{"start":{"line":120,"column":20},"end":{"line":120,"column":23}},"29":{"start":{"line":121,"column":4},"end":{"line":123,"column":5}},"30":{"start":{"line":122,"column":8},"end":{"line":122,"column":75}},"31":{"start":{"line":125,"column":4},"end":{"line":172,"column":5}},"32":{"start":{"line":126,"column":23},"end":{"line":126,"column":46}},"33":{"start":{"line":127,"column":8},"end":{"line":166,"column":11}},"34":{"start":{"line":130,"column":12},"end":{"line":132,"column":13}},"35":{"start":{"line":131,"column":16},"end":{"line":131,"column":83}},"36":{"start":{"line":133,"column":28},"end":{"line":139,"column":14}},"37":{"start":{"line":140,"column":12},"end":{"line":160,"column":15}},"38":{"start":{"line":143,"column":16},"end":{"line":156,"column":19}},"39":{"start":{"line":159,"column":16},"end":{"line":159,"column":53}},"40":{"start":{"line":163,"column":12},"end":{"line":165,"column":15}},"41":{"start":{"line":169,"column":8},"end":{"line":171,"column":70}},"42":{"start":{"line":199,"column":0},"end":{"line":216,"column":3}},"43":{"start":{"line":200,"column":15},"end":{"line":200,"column":35}},"44":{"start":{"line":201,"column":4},"end":{"line":215,"column":7}},"45":{"start":{"line":204,"column":8},"end":{"line":211,"column":9}},"46":{"start":{"line":205,"column":12},"end":{"line":205,"column":38}},"47":{"start":{"line":208,"column":12},"end":{"line":210,"column":75}},"48":{"start":{"line":214,"column":8},"end":{"line":214,"column":45}},"49":{"start":{"line":250,"column":0},"end":{"line":271,"column":3}},"50":{"start":{"line":251,"column":15},"end":{"line":251,"column":35}},"51":{"start":{"line":253,"column":29},"end":{"line":253,"column":61}},"52":{"start":{"line":254,"column":4},"end":{"line":256,"column":5}},"53":{"start":{"line":255,"column":8},"end":{"line":255,"column":75}},"54":{"start":{"line":257,"column":4},"end":{"line":270,"column":7}},"55":{"start":{"line":260,"column":8},"end":{"line":266,"column":11}},"56":{"start":{"line":269,"column":8},"end":{"line":269,"column":45}},"57":{"start":{"line":293,"column":0},"end":{"line":303,"column":3}},"58":{"start":{"line":294,"column":15},"end":{"line":294,"column":35}},"59":{"start":{"line":295,"column":4},"end":{"line":302,"column":7}},"60":{"start":{"line":298,"column":8},"end":{"line":298,"column":71}},"61":{"start":{"line":301,"column":8},"end":{"line":301,"column":45}},"62":{"start":{"line":304,"column":0},"end":{"line":304,"column":25}}},"fnMap":{"0":{"name":"(anonymous_0)","decl":{"start":{"line":2,"column":56},"end":{"line":2,"column":57}},"loc":{"start":{"line":2,"column":71},"end":{"line":4,"column":1}},"line":2},"1":{"name":"(anonymous_1)","decl":{"start":{"line":15,"column":17},"end":{"line":15,"column":18}},"loc":{"start":{"line":15,"column":42},"end":{"line":17,"column":5}},"line":15},"2":{"name":"(anonymous_2)","decl":{"start":{"line":18,"column":14},"end":{"line":18,"column":15}},"loc":{"start":{"line":18,"column":39},"end":{"line":20,"column":5}},"line":18},"3":{"name":"(anonymous_3)","decl":{"start":{"line":22,"column":19},"end":{"line":22,"column":20}},"loc":{"start":{"line":22,"column":38},"end":{"line":29,"column":1}},"line":22},"4":{"name":"(anonymous_4)","decl":{"start":{"line":67,"column":16},"end":{"line":67,"column":17}},"loc":{"start":{"line":67,"column":36},"end":{"line":92,"column":1}},"line":67},"5":{"name":"(anonymous_5)","decl":{"start":{"line":71,"column":14},"end":{"line":71,"column":15}},"loc":{"start":{"line":71,"column":24},"end":{"line":88,"column":5}},"line":71},"6":{"name":"(anonymous_6)","decl":{"start":{"line":74,"column":31},"end":{"line":74,"column":32}},"loc":{"start":{"line":74,"column":41},"end":{"line":85,"column":13}},"line":74},"7":{"name":"(anonymous_7)","decl":{"start":{"line":89,"column":15},"end":{"line":89,"column":16}},"loc":{"start":{"line":89,"column":24},"end":{"line":91,"column":5}},"line":89},"8":{"name":"(anonymous_8)","decl":{"start":{"line":117,"column":63},"end":{"line":117,"column":64}},"loc":{"start":{"line":117,"column":83},"end":{"line":173,"column":1}},"line":117},"9":{"name":"(anonymous_9)","decl":{"start":{"line":129,"column":18},"end":{"line":129,"column":19}},"loc":{"start":{"line":129,"column":30},"end":{"line":161,"column":9}},"line":129},"10":{"name":"(anonymous_10)","decl":{"start":{"line":142,"column":22},"end":{"line":142,"column":23}},"loc":{"start":{"line":142,"column":34},"end":{"line":157,"column":13}},"line":142},"11":{"name":"(anonymous_11)","decl":{"start":{"line":158,"column":23},"end":{"line":158,"column":24}},"loc":{"start":{"line":158,"column":32},"end":{"line":160,"column":13}},"line":158},"12":{"name":"(anonymous_12)","decl":{"start":{"line":162,"column":19},"end":{"line":162,"column":20}},"loc":{"start":{"line":162,"column":28},"end":{"line":166,"column":9}},"line":162},"13":{"name":"(anonymous_13)","decl":{"start":{"line":199,"column":26},"end":{"line":199,"column":27}},"loc":{"start":{"line":199,"column":46},"end":{"line":216,"column":1}},"line":199},"14":{"name":"(anonymous_14)","decl":{"start":{"line":203,"column":14},"end":{"line":203,"column":15}},"loc":{"start":{"line":203,"column":23},"end":{"line":212,"column":5}},"line":203},"15":{"name":"(anonymous_15)","decl":{"start":{"line":213,"column":15},"end":{"line":213,"column":16}},"loc":{"start":{"line":213,"column":24},"end":{"line":215,"column":5}},"line":213},"16":{"name":"(anonymous_16)","decl":{"start":{"line":250,"column":50},"end":{"line":250,"column":51}},"loc":{"start":{"line":250,"column":70},"end":{"line":271,"column":1}},"line":250},"17":{"name":"(anonymous_17)","decl":{"start":{"line":259,"column":14},"end":{"line":259,"column":15}},"loc":{"start":{"line":259,"column":26},"end":{"line":267,"column":5}},"line":259},"18":{"name":"(anonymous_18)","decl":{"start":{"line":268,"column":15},"end":{"line":268,"column":16}},"loc":{"start":{"line":268,"column":24},"end":{"line":270,"column":5}},"line":268},"19":{"name":"(anonymous_19)","decl":{"start":{"line":293,"column":51},"end":{"line":293,"column":52}},"loc":{"start":{"line":293,"column":71},"end":{"line":303,"column":1}},"line":293},"20":{"name":"(anonymous_20)","decl":{"start":{"line":297,"column":14},"end":{"line":297,"column":15}},"loc":{"start":{"line":297,"column":26},"end":{"line":299,"column":5}},"line":297},"21":{"name":"(anonymous_21)","decl":{"start":{"line":300,"column":15},"end":{"line":300,"column":16}},"loc":{"start":{"line":300,"column":24},"end":{"line":302,"column":5}},"line":300}},"branchMap":{"0":{"loc":{"start":{"line":2,"column":22},"end":{"line":4,"column":1}},"type":"binary-expr","locations":[{"start":{"line":2,"column":23},"end":{"line":2,"column":27}},{"start":{"line":2,"column":31},"end":{"line":2,"column":51}},{"start":{"line":2,"column":56},"end":{"line":4,"column":1}}],"line":2},"1":{"loc":{"start":{"line":3,"column":11},"end":{"line":3,"column":61}},"type":"cond-expr","locations":[{"start":{"line":3,"column":37},"end":{"line":3,"column":40}},{"start":{"line":3,"column":43},"end":{"line":3,"column":61}}],"line":3},"2":{"loc":{"start":{"line":3,"column":12},"end":{"line":3,"column":33}},"type":"binary-expr","locations":[{"start":{"line":3,"column":12},"end":{"line":3,"column":15}},{"start":{"line":3,"column":19},"end":{"line":3,"column":33}}],"line":3},"3":{"loc":{"start":{"line":23,"column":4},"end":{"line":28,"column":5}},"type":"if","locations":[{"start":{"line":23,"column":4},"end":{"line":28,"column":5}},{"start":{"line":26,"column":9},"end":{"line":28,"column":5}}],"line":23},"4":{"loc":{"start":{"line":23,"column":8},"end":{"line":23,"column":71}},"type":"binary-expr","locations":[{"start":{"line":23,"column":8},"end":{"line":23,"column":38}},{"start":{"line":23,"column":42},"end":{"line":23,"column":71}}],"line":23},"5":{"loc":{"start":{"line":121,"column":4},"end":{"line":123,"column":5}},"type":"if","locations":[{"start":{"line":121,"column":4},"end":{"line":123,"column":5}},{"start":{},"end":{}}],"line":121},"6":{"loc":{"start":{"line":125,"column":4},"end":{"line":172,"column":5}},"type":"if","locations":[{"start":{"line":125,"column":4},"end":{"line":172,"column":5}},{"start":{"line":168,"column":9},"end":{"line":172,"column":5}}],"line":125},"7":{"loc":{"start":{"line":127,"column":31},"end":{"line":127,"column":71}},"type":"binary-expr","locations":[{"start":{"line":127,"column":31},"end":{"line":127,"column":46}},{"start":{"line":127,"column":50},"end":{"line":127,"column":71}}],"line":127},"8":{"loc":{"start":{"line":130,"column":12},"end":{"line":132,"column":13}},"type":"if","locations":[{"start":{"line":130,"column":12},"end":{"line":132,"column":13}},{"start":{},"end":{}}],"line":130},"9":{"loc":{"start":{"line":204,"column":8},"end":{"line":211,"column":9}},"type":"if","locations":[{"start":{"line":204,"column":8},"end":{"line":211,"column":9}},{"start":{"line":207,"column":13},"end":{"line":211,"column":9}}],"line":204},"10":{"loc":{"start":{"line":254,"column":4},"end":{"line":256,"column":5}},"type":"if","locations":[{"start":{"line":254,"column":4},"end":{"line":256,"column":5}},{"start":{},"end":{}}],"line":254}},"s":{"0":1,"1":7,"2":1,"3":1,"4":1,"5":1,"6":1,"7":1,"8":1,"9":1,"10":1,"11":1,"12":1,"13":1,"14":1,"15":1,"16":1,"17":0,"18":1,"19":1,"20":1,"21":1,"22":1,"23":0,"24":1,"25":0,"26":1,"27":2,"28":2,"29":2,"30":0,"31":2,"32":2,"33":2,"34":2,"35":1,"36":1,"37":1,"38":1,"39":0,"40":0,"41":0,"42":1,"43":1,"44":1,"45":1,"46":1,"47":0,"48":0,"49":1,"50":1,"51":1,"52":1,"53":0,"54":1,"55":1,"56":0,"57":1,"58":1,"59":1,"60":1,"61":0,"62":1},"f":{"0":7,"1":1,"2":1,"3":1,"4":1,"5":1,"6":0,"7":0,"8":2,"9":2,"10":1,"11":0,"12":0,"13":1,"14":1,"15":0,"16":1,"17":1,"18":0,"19":1,"20":1,"21":0},"b":{"0":[1,1,1],"1":[3,4],"2":[7,7],"3":[1,0],"4":[1,0],"5":[0,2],"6":[2,0],"7":[2,2],"8":[1,1],"9":[1,0],"10":[0,1]},"inputSourceMap":null,"_coverageSchema":"1a1c01bbd47fc00a2c39e90264f33305004495a9","hash":"02ecef788324b3b0c44463d1318ee88aa1fff8d7"}
,"C:\\Users\\Mr Robot\\Desktop\\Backend\\dist\\routes\\user.js": {"path":"C:\\Users\\Mr Robot\\Desktop\\Backend\\dist\\routes\\user.js","statementMap":{"0":{"start":{"line":2,"column":22},"end":{"line":4,"column":1}},"1":{"start":{"line":3,"column":4},"end":{"line":3,"column":62}},"2":{"start":{"line":5,"column":0},"end":{"line":5,"column":62}},"3":{"start":{"line":6,"column":18},"end":{"line":6,"column":53}},"4":{"start":{"line":7,"column":17},"end":{"line":7,"column":51}},"5":{"start":{"line":8,"column":23},"end":{"line":8,"column":63}},"6":{"start":{"line":9,"column":17},"end":{"line":9,"column":51}},"7":{"start":{"line":10,"column":15},"end":{"line":10,"column":57}},"8":{"start":{"line":11,"column":15},"end":{"line":11,"column":62}},"9":{"start":{"line":12,"column":14},"end":{"line":12,"column":45}},"10":{"start":{"line":13,"column":0},"end":{"line":13,"column":26}},"11":{"start":{"line":14,"column":15},"end":{"line":14,"column":41}},"12":{"start":{"line":16,"column":21},"end":{"line":19,"column":2}},"13":{"start":{"line":44,"column":0},"end":{"line":51,"column":3}},"14":{"start":{"line":46,"column":29},"end":{"line":46,"column":60}},"15":{"start":{"line":47,"column":4},"end":{"line":49,"column":5}},"16":{"start":{"line":48,"column":8},"end":{"line":48,"column":75}},"17":{"start":{"line":50,"column":4},"end":{"line":50,"column":40}},"18":{"start":{"line":76,"column":0},"end":{"line":108,"column":3}},"19":{"start":{"line":77,"column":32},"end":{"line":77,"column":40}},"20":{"start":{"line":78,"column":4},"end":{"line":107,"column":7}},"21":{"start":{"line":81,"column":8},"end":{"line":85,"column":9}},"22":{"start":{"line":82,"column":12},"end":{"line":84,"column":15}},"23":{"start":{"line":86,"column":8},"end":{"line":103,"column":11}},"24":{"start":{"line":87,"column":12},"end":{"line":91,"column":13}},"25":{"start":{"line":88,"column":16},"end":{"line":90,"column":19}},"26":{"start":{"line":92,"column":26},"end":{"line":97,"column":14}},"27":{"start":{"line":98,"column":12},"end":{"line":102,"column":15}},"28":{"start":{"line":106,"column":8},"end":{"line":106,"column":45}},"29":{"start":{"line":128,"column":0},"end":{"line":140,"column":3}},"30":{"start":{"line":129,"column":15},"end":{"line":129,"column":32}},"31":{"start":{"line":130,"column":4},"end":{"line":139,"column":7}},"32":{"start":{"line":133,"column":8},"end":{"line":135,"column":11}},"33":{"start":{"line":138,"column":8},"end":{"line":138,"column":45}},"34":{"start":{"line":141,"column":0},"end":{"line":141,"column":25}}},"fnMap":{"0":{"name":"(anonymous_0)","decl":{"start":{"line":2,"column":56},"end":{"line":2,"column":57}},"loc":{"start":{"line":2,"column":71},"end":{"line":4,"column":1}},"line":2},"1":{"name":"(anonymous_1)","decl":{"start":{"line":44,"column":23},"end":{"line":44,"column":24}},"loc":{"start":{"line":44,"column":43},"end":{"line":51,"column":1}},"line":44},"2":{"name":"(anonymous_2)","decl":{"start":{"line":76,"column":22},"end":{"line":76,"column":23}},"loc":{"start":{"line":76,"column":42},"end":{"line":108,"column":1}},"line":76},"3":{"name":"(anonymous_3)","decl":{"start":{"line":80,"column":14},"end":{"line":80,"column":15}},"loc":{"start":{"line":80,"column":24},"end":{"line":104,"column":5}},"line":80},"4":{"name":"(anonymous_4)","decl":{"start":{"line":86,"column":58},"end":{"line":86,"column":59}},"loc":{"start":{"line":86,"column":75},"end":{"line":103,"column":9}},"line":86},"5":{"name":"(anonymous_5)","decl":{"start":{"line":105,"column":15},"end":{"line":105,"column":16}},"loc":{"start":{"line":105,"column":24},"end":{"line":107,"column":5}},"line":105},"6":{"name":"(anonymous_6)","decl":{"start":{"line":128,"column":26},"end":{"line":128,"column":27}},"loc":{"start":{"line":128,"column":46},"end":{"line":140,"column":1}},"line":128},"7":{"name":"(anonymous_7)","decl":{"start":{"line":132,"column":14},"end":{"line":132,"column":15}},"loc":{"start":{"line":132,"column":26},"end":{"line":136,"column":5}},"line":132},"8":{"name":"(anonymous_8)","decl":{"start":{"line":137,"column":15},"end":{"line":137,"column":16}},"loc":{"start":{"line":137,"column":24},"end":{"line":139,"column":5}},"line":137}},"branchMap":{"0":{"loc":{"start":{"line":2,"column":22},"end":{"line":4,"column":1}},"type":"binary-expr","locations":[{"start":{"line":2,"column":23},"end":{"line":2,"column":27}},{"start":{"line":2,"column":31},"end":{"line":2,"column":51}},{"start":{"line":2,"column":56},"end":{"line":4,"column":1}}],"line":2},"1":{"loc":{"start":{"line":3,"column":11},"end":{"line":3,"column":61}},"type":"cond-expr","locations":[{"start":{"line":3,"column":37},"end":{"line":3,"column":40}},{"start":{"line":3,"column":43},"end":{"line":3,"column":61}}],"line":3},"2":{"loc":{"start":{"line":3,"column":12},"end":{"line":3,"column":33}},"type":"binary-expr","locations":[{"start":{"line":3,"column":12},"end":{"line":3,"column":15}},{"start":{"line":3,"column":19},"end":{"line":3,"column":33}}],"line":3},"3":{"loc":{"start":{"line":47,"column":4},"end":{"line":49,"column":5}},"type":"if","locations":[{"start":{"line":47,"column":4},"end":{"line":49,"column":5}},{"start":{},"end":{}}],"line":47},"4":{"loc":{"start":{"line":81,"column":8},"end":{"line":85,"column":9}},"type":"if","locations":[{"start":{"line":81,"column":8},"end":{"line":85,"column":9}},{"start":{},"end":{}}],"line":81},"5":{"loc":{"start":{"line":87,"column":12},"end":{"line":91,"column":13}},"type":"if","locations":[{"start":{"line":87,"column":12},"end":{"line":91,"column":13}},{"start":{},"end":{}}],"line":87},"6":{"loc":{"start":{"line":87,"column":16},"end":{"line":87,"column":30}},"type":"binary-expr","locations":[{"start":{"line":87,"column":16},"end":{"line":87,"column":19}},{"start":{"line":87,"column":23},"end":{"line":87,"column":30}}],"line":87}},"s":{"0":1,"1":7,"2":1,"3":1,"4":1,"5":1,"6":1,"7":1,"8":1,"9":1,"10":1,"11":1,"12":1,"13":1,"14":3,"15":3,"16":1,"17":2,"18":1,"19":3,"20":3,"21":3,"22":0,"23":3,"24":3,"25":2,"26":1,"27":1,"28":0,"29":1,"30":0,"31":0,"32":0,"33":0,"34":1},"f":{"0":7,"1":3,"2":3,"3":3,"4":3,"5":0,"6":0,"7":0,"8":0},"b":{"0":[1,1,1],"1":[2,5],"2":[7,7],"3":[1,2],"4":[0,3],"5":[2,1],"6":[3,2]},"inputSourceMap":null,"_coverageSchema":"1a1c01bbd47fc00a2c39e90264f33305004495a9","hash":"252851dfcd72015dc986f5f2c57229a276509ee5"}
}
