TN:
SF:api\app.ts
FN:21,(anonymous_1)
FN:54,(anonymous_2)
FN:60,(anonymous_3)
FNF:3
FNH:3
FNDA:41,(anonymous_1)
FNDA:3,(anonymous_2)
FNDA:3,(anonymous_3)
DA:1,1
DA:2,1
DA:3,1
DA:4,1
DA:5,1
DA:6,1
DA:7,1
DA:8,1
DA:10,1
DA:12,1
DA:15,1
DA:16,1
DA:17,1
DA:18,1
DA:21,1
DA:22,41
DA:23,41
DA:27,41
DA:28,0
DA:29,0
DA:31,41
DA:35,1
DA:36,1
DA:39,1
DA:40,1
DA:43,1
DA:44,1
DA:45,1
DA:46,1
DA:48,1
DA:49,1
DA:50,1
DA:51,1
DA:54,1
DA:55,3
DA:56,3
DA:57,3
DA:60,1
DA:61,3
DA:62,3
DA:69,1
LF:41
LH:39
BRDA:27,0,0,0
BRDA:61,1,0,3
BRDA:61,1,1,0
BRF:3
BRH:1
end_of_record
TN:
SF:api\swaggerOptions.ts
FNF:0
FNH:0
DA:3,1
DA:37,1
LF:2
LH:2
BRF:0
BRH:0
end_of_record
TN:
SF:api\controllers\user.ts
FN:6,(anonymous_1)
FN:11,(anonymous_2)
FN:17,(anonymous_3)
FN:28,(anonymous_4)
FN:34,(anonymous_5)
FN:43,(anonymous_6)
FNF:6
FNH:4
FNDA:2,(anonymous_1)
FNDA:2,(anonymous_2)
FNDA:1,(anonymous_3)
FNDA:1,(anonymous_4)
FNDA:0,(anonymous_5)
FNDA:0,(anonymous_6)
DA:2,1
DA:3,1
DA:4,1
DA:6,1
DA:7,2
DA:9,2
DA:12,2
DA:13,1
DA:17,1
DA:18,1
DA:19,0
DA:21,1
DA:26,1
DA:29,1
DA:30,1
DA:35,0
DA:44,0
DA:50,1
LF:18
LH:15
BRDA:12,0,0,1
BRDA:12,0,1,1
BRDA:18,1,0,0
BRDA:18,1,1,1
BRF:4
BRH:3
end_of_record
TN:
SF:api\middleware\check-auth.ts
FN:10,(anonymous_1)
FNF:1
FNH:1
FNDA:21,(anonymous_1)
DA:2,1
DA:3,1
DA:4,1
DA:10,1
DA:11,21
DA:12,21
DA:13,21
DA:14,6
DA:16,15
DA:17,15
DA:18,15
DA:20,6
DA:26,1
LF:13
LH:13
BRDA:12,0,0,6
BRDA:12,0,1,15
BRDA:12,1,0,21
BRDA:12,1,1,21
BRDA:13,2,0,6
BRF:5
BRH:5
end_of_record
TN:
SF:api\models\blog.ts
FNF:0
FNH:0
DA:1,1
DA:10,1
DA:23,1
LF:3
LH:3
BRF:0
BRH:0
end_of_record
TN:
SF:api\models\comment.ts
FNF:0
FNH:0
DA:1,1
DA:9,1
DA:21,1
LF:3
LH:3
BRF:0
BRH:0
end_of_record
TN:
SF:api\models\message.ts
FNF:0
FNH:0
DA:1,1
DA:10,1
DA:21,1
LF:3
LH:3
BRF:0
BRH:0
end_of_record
TN:
SF:api\models\project.ts
FNF:0
FNH:0
DA:1,1
DA:10,1
DA:21,1
LF:3
LH:3
BRF:0
BRH:0
end_of_record
TN:
SF:api\models\user.ts
FNF:0
FNH:0
DA:1,1
DA:8,1
DA:20,1
LF:3
LH:3
BRF:0
BRH:0
end_of_record
TN:
SF:api\routes\blogs.ts
FN:13,(anonymous_1)
FN:16,(anonymous_2)
FN:21,(anonymous_3)
FN:69,(anonymous_4)
FN:73,(anonymous_5)
FN:76,(anonymous_6)
FN:93,(anonymous_7)
FN:136,(anonymous_8)
FN:156,(anonymous_9)
FN:171,(anonymous_10)
FN:202,(anonymous_11)
FN:206,(anonymous_12)
FN:215,(anonymous_13)
FN:249,(anonymous_14)
FN:260,(anonymous_15)
FN:269,(anonymous_16)
FN:300,(anonymous_17)
FN:304,(anonymous_18)
FN:309,(anonymous_19)
FN:348,(anonymous_20)
FN:352,(anonymous_21)
FN:356,(anonymous_22)
FN:360,(anonymous_23)
FN:370,(anonymous_24)
FN:379,(anonymous_25)
FN:422,(anonymous_26)
FN:443,(anonymous_27)
FN:454,(anonymous_28)
FN:495,(anonymous_29)
FN:500,(anonymous_30)
FN:503,(anonymous_31)
FN:508,(anonymous_32)
FNF:32
FNH:23
FNDA:2,(anonymous_1)
FNDA:2,(anonymous_2)
FNDA:2,(anonymous_3)
FNDA:2,(anonymous_4)
FNDA:2,(anonymous_5)
FNDA:1,(anonymous_6)
FNDA:0,(anonymous_7)
FNDA:2,(anonymous_8)
FNDA:1,(anonymous_9)
FNDA:0,(anonymous_10)
FNDA:4,(anonymous_11)
FNDA:3,(anonymous_12)
FNDA:1,(anonymous_13)
FNDA:2,(anonymous_14)
FNDA:1,(anonymous_15)
FNDA:0,(anonymous_16)
FNDA:1,(anonymous_17)
FNDA:1,(anonymous_18)
FNDA:0,(anonymous_19)
FNDA:1,(anonymous_20)
FNDA:1,(anonymous_21)
FNDA:1,(anonymous_22)
FNDA:0,(anonymous_23)
FNDA:0,(anonymous_24)
FNDA:0,(anonymous_25)
FNDA:2,(anonymous_26)
FNDA:1,(anonymous_27)
FNDA:0,(anonymous_28)
FNDA:1,(anonymous_29)
FNDA:1,(anonymous_30)
FNDA:1,(anonymous_31)
FNDA:0,(anonymous_32)
DA:1,1
DA:2,1
DA:3,1
DA:4,1
DA:5,1
DA:6,1
DA:7,1
DA:10,1
DA:12,1
DA:14,2
DA:17,2
DA:21,1
DA:26,2
DA:27,2
DA:29,0
DA:33,1
DA:42,1
DA:69,1
DA:70,2
DA:74,2
DA:77,1
DA:91,2
DA:94,0
DA:132,1
DA:137,2
DA:138,0
DA:142,2
DA:143,2
DA:144,1
DA:147,1
DA:154,1
DA:157,1
DA:172,0
DA:202,1
DA:203,4
DA:204,4
DA:207,3
DA:208,1
DA:210,2
DA:216,1
DA:246,1
DA:250,2
DA:253,2
DA:254,2
DA:255,1
DA:258,1
DA:261,1
DA:270,0
DA:297,1
DA:301,1
DA:302,1
DA:305,1
DA:310,0
DA:345,1
DA:349,1
DA:350,1
DA:353,1
DA:354,1
DA:357,1
DA:361,0
DA:368,1
DA:371,0
DA:374,0
DA:380,0
DA:386,1
DA:419,1
DA:424,2
DA:425,2
DA:426,1
DA:428,1
DA:429,1
DA:432,1
DA:433,1
DA:435,1
DA:441,1
DA:444,1
DA:455,0
DA:460,0
DA:492,1
DA:496,1
DA:497,1
DA:498,1
DA:501,1
DA:504,1
DA:509,0
DA:514,1
LF:86
LH:73
BRDA:26,0,0,2
BRDA:26,0,1,0
BRDA:26,1,0,2
BRDA:26,1,1,0
BRDA:137,2,0,0
BRDA:143,3,0,1
BRDA:207,4,0,1
BRDA:207,4,1,2
BRDA:254,5,0,1
BRDA:353,6,0,1
BRDA:353,6,1,0
BRDA:425,7,0,1
BRDA:432,8,0,1
BRDA:432,8,1,0
BRDA:498,9,0,1
BRDA:498,9,1,1
BRF:16
BRH:11
end_of_record
TN:
SF:api\routes\messages.ts
FN:43,(anonymous_1)
FN:47,(anonymous_2)
FN:50,(anonymous_3)
FN:59,(anonymous_4)
FN:94,(anonymous_5)
FN:110,(anonymous_6)
FN:113,(anonymous_7)
FN:145,(anonymous_8)
FN:149,(anonymous_9)
FN:156,(anonymous_10)
FN:187,(anonymous_11)
FN:191,(anonymous_12)
FN:196,(anonymous_13)
FNF:13
FNH:8
FNDA:1,(anonymous_1)
FNDA:1,(anonymous_2)
FNDA:0,(anonymous_3)
FNDA:0,(anonymous_4)
FNDA:1,(anonymous_5)
FNDA:1,(anonymous_6)
FNDA:0,(anonymous_7)
FNDA:1,(anonymous_8)
FNDA:1,(anonymous_9)
FNDA:0,(anonymous_10)
FNDA:1,(anonymous_11)
FNDA:1,(anonymous_12)
FNDA:0,(anonymous_13)
DA:1,1
DA:2,1
DA:3,1
DA:4,1
DA:5,1
DA:7,1
DA:10,1
DA:40,1
DA:44,1
DA:48,1
DA:50,0
DA:60,0
DA:94,1
DA:96,1
DA:97,1
DA:98,0
DA:101,1
DA:108,1
DA:111,1
DA:114,0
DA:145,1
DA:146,1
DA:147,1
DA:150,1
DA:152,0
DA:157,0
DA:184,1
DA:188,1
DA:189,1
DA:192,1
DA:197,0
DA:204,1
LF:32
LH:25
BRDA:97,0,0,0
BRDA:150,1,0,1
BRDA:150,1,1,0
BRF:3
BRH:1
end_of_record
TN:
SF:api\routes\projects.ts
FN:13,(anonymous_1)
FN:16,(anonymous_2)
FN:21,(anonymous_3)
FN:73,(anonymous_4)
FN:77,(anonymous_5)
FN:80,(anonymous_6)
FN:95,(anonymous_7)
FN:128,(anonymous_8)
FN:142,(anonymous_9)
FN:157,(anonymous_10)
FN:173,(anonymous_11)
FN:177,(anonymous_12)
FN:215,(anonymous_13)
FN:219,(anonymous_14)
FN:228,(anonymous_15)
FN:269,(anonymous_16)
FN:280,(anonymous_17)
FN:289,(anonymous_18)
FN:319,(anonymous_19)
FN:323,(anonymous_20)
FN:326,(anonymous_21)
FNF:21
FNH:14
FNDA:1,(anonymous_1)
FNDA:1,(anonymous_2)
FNDA:1,(anonymous_3)
FNDA:1,(anonymous_4)
FNDA:1,(anonymous_5)
FNDA:0,(anonymous_6)
FNDA:0,(anonymous_7)
FNDA:2,(anonymous_8)
FNDA:2,(anonymous_9)
FNDA:1,(anonymous_10)
FNDA:0,(anonymous_11)
FNDA:0,(anonymous_12)
FNDA:1,(anonymous_13)
FNDA:1,(anonymous_14)
FNDA:0,(anonymous_15)
FNDA:1,(anonymous_16)
FNDA:1,(anonymous_17)
FNDA:0,(anonymous_18)
FNDA:1,(anonymous_19)
FNDA:1,(anonymous_20)
FNDA:0,(anonymous_21)
DA:1,1
DA:2,1
DA:3,1
DA:4,1
DA:5,1
DA:6,1
DA:8,1
DA:10,1
DA:12,1
DA:14,1
DA:17,1
DA:21,1
DA:26,1
DA:27,1
DA:29,0
DA:33,1
DA:42,1
DA:73,1
DA:74,1
DA:78,1
DA:80,0
DA:93,1
DA:96,0
DA:124,1
DA:130,2
DA:131,2
DA:133,2
DA:134,0
DA:138,2
DA:139,2
DA:140,2
DA:143,2
DA:144,1
DA:147,1
DA:155,1
DA:158,1
DA:174,0
DA:178,0
DA:183,0
DA:215,1
DA:216,1
DA:217,1
DA:220,1
DA:221,1
DA:223,0
DA:229,0
DA:266,1
DA:270,1
DA:273,1
DA:274,1
DA:275,0
DA:278,1
DA:281,1
DA:290,0
DA:316,1
DA:320,1
DA:321,1
DA:324,1
DA:327,0
DA:332,1
LF:60
LH:48
BRDA:26,0,0,1
BRDA:26,0,1,0
BRDA:26,1,0,1
BRDA:26,1,1,0
BRDA:133,2,0,0
BRDA:138,3,0,2
BRDA:138,3,1,0
BRDA:140,4,0,2
BRDA:140,4,1,2
BRDA:143,5,0,1
BRDA:220,6,0,1
BRDA:220,6,1,0
BRDA:274,7,0,0
BRF:13
BRH:7
end_of_record
TN:
SF:api\routes\user.ts
FN:44,(anonymous_1)
FN:77,(anonymous_2)
FN:82,(anonymous_3)
FN:89,(anonymous_4)
FN:114,(anonymous_5)
FN:138,(anonymous_6)
FN:142,(anonymous_7)
FN:147,(anonymous_8)
FNF:8
FNH:4
FNDA:3,(anonymous_1)
FNDA:3,(anonymous_2)
FNDA:3,(anonymous_3)
FNDA:3,(anonymous_4)
FNDA:0,(anonymous_5)
FNDA:0,(anonymous_6)
FNDA:0,(anonymous_7)
FNDA:0,(anonymous_8)
DA:1,1
DA:2,1
DA:3,1
DA:4,1
DA:5,1
DA:6,1
DA:7,1
DA:9,1
DA:11,1
DA:14,1
DA:44,1
DA:46,3
DA:47,3
DA:48,1
DA:50,2
DA:77,1
DA:78,3
DA:80,3
DA:83,3
DA:84,0
DA:89,3
DA:90,3
DA:91,2
DA:96,1
DA:107,1
DA:115,0
DA:138,1
DA:139,0
DA:140,0
DA:143,0
DA:148,0
DA:152,1
LF:32
LH:26
BRDA:47,0,0,1
BRDA:83,1,0,0
BRDA:90,2,0,2
BRDA:90,3,0,3
BRDA:90,3,1,2
BRF:5
BRH:4
end_of_record
TN:
SF:dist\app.js
FN:2,(anonymous_0)
FN:22,(anonymous_1)
FN:47,(anonymous_2)
FN:52,(anonymous_3)
FNF:4
FNH:4
FNDA:12,(anonymous_0)
FNDA:41,(anonymous_1)
FNDA:3,(anonymous_2)
FNDA:3,(anonymous_3)
DA:2,1
DA:3,12
DA:5,1
DA:6,1
DA:7,1
DA:8,1
DA:9,1
DA:10,1
DA:11,1
DA:12,1
DA:13,1
DA:14,1
DA:15,1
DA:17,1
DA:18,1
DA:19,1
DA:20,1
DA:22,1
DA:23,41
DA:24,41
DA:25,41
DA:26,0
DA:27,0
DA:29,41
DA:32,1
DA:33,1
DA:35,1
DA:36,1
DA:38,1
DA:39,1
DA:40,1
DA:41,1
DA:42,1
DA:43,1
DA:44,1
DA:45,1
DA:47,1
DA:48,3
DA:49,3
DA:50,3
DA:52,1
DA:53,3
DA:54,3
DA:60,1
LF:44
LH:42
BRDA:2,0,0,1
BRDA:2,0,1,1
BRDA:2,0,2,1
BRDA:3,1,0,5
BRDA:3,1,1,7
BRDA:3,2,0,12
BRDA:3,2,1,12
BRDA:25,3,0,0
BRDA:25,3,1,41
BRDA:53,4,0,3
BRDA:53,4,1,0
BRF:11
BRH:9
end_of_record
TN:
SF:dist\swaggerOptions.js
FNF:0
FNH:0
DA:2,1
DA:3,1
DA:35,1
LF:3
LH:3
BRF:0
BRH:0
end_of_record
TN:
SF:dist\controllers\user.js
FN:2,(anonymous_0)
FN:9,(anonymous_1)
FN:13,(anonymous_2)
FN:20,(anonymous_3)
FN:32,(anonymous_4)
FN:38,(anonymous_5)
FN:47,(anonymous_6)
FNF:7
FNH:5
FNDA:3,(anonymous_0)
FNDA:2,(anonymous_1)
FNDA:2,(anonymous_2)
FNDA:1,(anonymous_3)
FNDA:1,(anonymous_4)
FNDA:0,(anonymous_5)
FNDA:0,(anonymous_6)
DA:2,1
DA:3,3
DA:5,1
DA:6,1
DA:7,1
DA:8,1
DA:9,1
DA:10,2
DA:11,2
DA:14,2
DA:15,1
DA:20,1
DA:21,1
DA:22,0
DA:25,1
DA:30,1
DA:33,1
DA:34,1
DA:39,0
DA:48,0
DA:53,1
LF:21
LH:18
BRDA:2,0,0,1
BRDA:2,0,1,1
BRDA:2,0,2,1
BRDA:3,1,0,1
BRDA:3,1,1,2
BRDA:3,2,0,3
BRDA:3,2,1,3
BRDA:14,3,0,1
BRDA:14,3,1,1
BRDA:21,4,0,0
BRDA:21,4,1,1
BRF:11
BRH:10
end_of_record
TN:
SF:dist\middleware\check-auth.js
FN:2,(anonymous_0)
FN:9,(anonymous_1)
FNF:2
FNH:2
FNDA:2,(anonymous_0)
FNDA:21,(anonymous_1)
DA:2,1
DA:3,2
DA:5,1
DA:6,1
DA:7,1
DA:8,1
DA:9,1
DA:11,21
DA:12,21
DA:13,21
DA:14,6
DA:16,15
DA:17,15
DA:18,15
DA:21,6
DA:26,1
LF:16
LH:16
BRDA:2,0,0,1
BRDA:2,0,1,1
BRDA:2,0,2,1
BRDA:3,1,0,0
BRDA:3,1,1,2
BRDA:3,2,0,2
BRDA:3,2,1,2
BRDA:12,3,0,6
BRDA:12,3,1,15
BRDA:12,4,0,21
BRDA:12,4,1,21
BRDA:13,5,0,6
BRDA:13,5,1,15
BRF:13
BRH:12
end_of_record
TN:
SF:dist\models\blog.js
FN:2,(anonymous_0)
FN:6,(anonymous_1)
FN:9,(anonymous_2)
FN:13,(anonymous_3)
FN:15,(anonymous_4)
FN:18,(anonymous_5)
FNF:6
FNH:4
FNDA:53,(anonymous_0)
FNDA:2,(anonymous_1)
FNDA:0,(anonymous_2)
FNDA:1,(anonymous_3)
FNDA:0,(anonymous_4)
FNDA:1,(anonymous_5)
DA:2,1
DA:3,53
DA:4,53
DA:5,53
DA:6,52
DA:8,53
DA:10,0
DA:11,0
DA:13,1
DA:14,1
DA:16,0
DA:18,1
DA:19,1
DA:20,1
DA:21,61
DA:22,1
DA:23,1
DA:25,1
DA:26,1
DA:27,1
DA:36,1
LF:21
LH:18
BRDA:2,0,0,1
BRDA:2,0,1,1
BRDA:2,0,2,1
BRDA:2,1,0,1
BRDA:2,1,1,0
BRDA:3,2,0,53
BRDA:3,2,1,0
BRDA:5,3,0,52
BRDA:5,3,1,1
BRDA:5,4,0,53
BRDA:5,4,1,53
BRDA:5,5,0,0
BRDA:5,5,1,53
BRDA:5,6,0,53
BRDA:5,6,1,1
BRDA:10,7,0,0
BRDA:10,7,1,0
BRDA:13,8,0,1
BRDA:13,8,1,1
BRDA:13,8,2,1
BRDA:13,9,0,1
BRDA:13,9,1,0
BRDA:18,10,0,1
BRDA:18,10,1,1
BRDA:18,10,2,1
BRDA:19,11,0,0
BRDA:19,11,1,1
BRDA:19,12,0,1
BRDA:19,12,1,1
BRDA:21,13,0,1
BRDA:21,13,1,0
BRDA:21,14,0,53
BRDA:21,14,1,8
BRDA:21,15,0,61
BRDA:21,15,1,60
BRF:35
BRH:27
end_of_record
TN:
SF:dist\models\comment.js
FN:2,(anonymous_0)
FN:6,(anonymous_1)
FN:9,(anonymous_2)
FN:13,(anonymous_3)
FN:15,(anonymous_4)
FN:18,(anonymous_5)
FNF:6
FNH:4
FNDA:53,(anonymous_0)
FNDA:4,(anonymous_1)
FNDA:0,(anonymous_2)
FNDA:1,(anonymous_3)
FNDA:0,(anonymous_4)
FNDA:1,(anonymous_5)
DA:2,1
DA:3,53
DA:4,53
DA:5,53
DA:6,52
DA:8,53
DA:10,0
DA:11,0
DA:13,1
DA:14,1
DA:16,0
DA:18,1
DA:19,1
DA:20,1
DA:21,61
DA:22,1
DA:23,1
DA:25,1
DA:26,1
DA:27,1
DA:35,1
LF:21
LH:18
BRDA:2,0,0,1
BRDA:2,0,1,1
BRDA:2,0,2,1
BRDA:2,1,0,1
BRDA:2,1,1,0
BRDA:3,2,0,53
BRDA:3,2,1,0
BRDA:5,3,0,52
BRDA:5,3,1,1
BRDA:5,4,0,53
BRDA:5,4,1,53
BRDA:5,5,0,0
BRDA:5,5,1,53
BRDA:5,6,0,53
BRDA:5,6,1,1
BRDA:10,7,0,0
BRDA:10,7,1,0
BRDA:13,8,0,1
BRDA:13,8,1,1
BRDA:13,8,2,1
BRDA:13,9,0,1
BRDA:13,9,1,0
BRDA:18,10,0,1
BRDA:18,10,1,1
BRDA:18,10,2,1
BRDA:19,11,0,0
BRDA:19,11,1,1
BRDA:19,12,0,1
BRDA:19,12,1,1
BRDA:21,13,0,1
BRDA:21,13,1,0
BRDA:21,14,0,53
BRDA:21,14,1,8
BRDA:21,15,0,61
BRDA:21,15,1,60
BRF:35
BRH:27
end_of_record
TN:
SF:dist\models\message.js
FN:2,(anonymous_0)
FN:6,(anonymous_1)
FN:9,(anonymous_2)
FN:13,(anonymous_3)
FN:15,(anonymous_4)
FN:18,(anonymous_5)
FNF:6
FNH:4
FNDA:53,(anonymous_0)
FNDA:2,(anonymous_1)
FNDA:0,(anonymous_2)
FNDA:1,(anonymous_3)
FNDA:0,(anonymous_4)
FNDA:1,(anonymous_5)
DA:2,1
DA:3,53
DA:4,53
DA:5,53
DA:6,52
DA:8,53
DA:10,0
DA:11,0
DA:13,1
DA:14,1
DA:16,0
DA:18,1
DA:19,1
DA:20,1
DA:21,61
DA:22,1
DA:23,1
DA:25,1
DA:26,1
DA:27,1
DA:34,1
LF:21
LH:18
BRDA:2,0,0,1
BRDA:2,0,1,1
BRDA:2,0,2,1
BRDA:2,1,0,1
BRDA:2,1,1,0
BRDA:3,2,0,53
BRDA:3,2,1,0
BRDA:5,3,0,52
BRDA:5,3,1,1
BRDA:5,4,0,53
BRDA:5,4,1,53
BRDA:5,5,0,0
BRDA:5,5,1,53
BRDA:5,6,0,53
BRDA:5,6,1,1
BRDA:10,7,0,0
BRDA:10,7,1,0
BRDA:13,8,0,1
BRDA:13,8,1,1
BRDA:13,8,2,1
BRDA:13,9,0,1
BRDA:13,9,1,0
BRDA:18,10,0,1
BRDA:18,10,1,1
BRDA:18,10,2,1
BRDA:19,11,0,0
BRDA:19,11,1,1
BRDA:19,12,0,1
BRDA:19,12,1,1
BRDA:21,13,0,1
BRDA:21,13,1,0
BRDA:21,14,0,53
BRDA:21,14,1,8
BRDA:21,15,0,61
BRDA:21,15,1,60
BRF:35
BRH:27
end_of_record
TN:
SF:dist\models\project.js
FN:2,(anonymous_0)
FN:6,(anonymous_1)
FN:9,(anonymous_2)
FN:13,(anonymous_3)
FN:15,(anonymous_4)
FN:18,(anonymous_5)
FNF:6
FNH:4
FNDA:53,(anonymous_0)
FNDA:2,(anonymous_1)
FNDA:0,(anonymous_2)
FNDA:1,(anonymous_3)
FNDA:0,(anonymous_4)
FNDA:1,(anonymous_5)
DA:2,1
DA:3,53
DA:4,53
DA:5,53
DA:6,52
DA:8,53
DA:10,0
DA:11,0
DA:13,1
DA:14,1
DA:16,0
DA:18,1
DA:19,1
DA:20,1
DA:21,61
DA:22,1
DA:23,1
DA:25,1
DA:26,1
DA:27,1
DA:34,1
LF:21
LH:18
BRDA:2,0,0,1
BRDA:2,0,1,1
BRDA:2,0,2,1
BRDA:2,1,0,1
BRDA:2,1,1,0
BRDA:3,2,0,53
BRDA:3,2,1,0
BRDA:5,3,0,52
BRDA:5,3,1,1
BRDA:5,4,0,53
BRDA:5,4,1,53
BRDA:5,5,0,0
BRDA:5,5,1,53
BRDA:5,6,0,53
BRDA:5,6,1,1
BRDA:10,7,0,0
BRDA:10,7,1,0
BRDA:13,8,0,1
BRDA:13,8,1,1
BRDA:13,8,2,1
BRDA:13,9,0,1
BRDA:13,9,1,0
BRDA:18,10,0,1
BRDA:18,10,1,1
BRDA:18,10,2,1
BRDA:19,11,0,0
BRDA:19,11,1,1
BRDA:19,12,0,1
BRDA:19,12,1,1
BRDA:21,13,0,1
BRDA:21,13,1,0
BRDA:21,14,0,53
BRDA:21,14,1,8
BRDA:21,15,0,61
BRDA:21,15,1,60
BRF:35
BRH:27
end_of_record
TN:
SF:dist\models\user.js
FN:2,(anonymous_0)
FN:6,(anonymous_1)
FN:9,(anonymous_2)
FN:13,(anonymous_3)
FN:15,(anonymous_4)
FN:18,(anonymous_5)
FNF:6
FNH:4
FNDA:53,(anonymous_0)
FNDA:2,(anonymous_1)
FNDA:0,(anonymous_2)
FNDA:1,(anonymous_3)
FNDA:0,(anonymous_4)
FNDA:1,(anonymous_5)
DA:2,1
DA:3,53
DA:4,53
DA:5,53
DA:6,52
DA:8,53
DA:10,0
DA:11,0
DA:13,1
DA:14,1
DA:16,0
DA:18,1
DA:19,1
DA:20,1
DA:21,61
DA:22,1
DA:23,1
DA:25,1
DA:26,1
DA:27,1
DA:38,1
LF:21
LH:18
BRDA:2,0,0,1
BRDA:2,0,1,1
BRDA:2,0,2,1
BRDA:2,1,0,1
BRDA:2,1,1,0
BRDA:3,2,0,53
BRDA:3,2,1,0
BRDA:5,3,0,52
BRDA:5,3,1,1
BRDA:5,4,0,53
BRDA:5,4,1,53
BRDA:5,5,0,0
BRDA:5,5,1,53
BRDA:5,6,0,53
BRDA:5,6,1,1
BRDA:10,7,0,0
BRDA:10,7,1,0
BRDA:13,8,0,1
BRDA:13,8,1,1
BRDA:13,8,2,1
BRDA:13,9,0,1
BRDA:13,9,1,0
BRDA:18,10,0,1
BRDA:18,10,1,1
BRDA:18,10,2,1
BRDA:19,11,0,0
BRDA:19,11,1,1
BRDA:19,12,0,1
BRDA:19,12,1,1
BRDA:21,13,0,1
BRDA:21,13,1,0
BRDA:21,14,0,53
BRDA:21,14,1,8
BRDA:21,15,0,61
BRDA:21,15,1,60
BRF:35
BRH:27
end_of_record
TN:
SF:dist\routes\blogs.js
FN:2,(anonymous_0)
FN:15,(anonymous_1)
FN:18,(anonymous_2)
FN:22,(anonymous_3)
FN:63,(anonymous_4)
FN:67,(anonymous_5)
FN:70,(anonymous_6)
FN:87,(anonymous_7)
FN:124,(anonymous_8)
FN:142,(anonymous_9)
FN:157,(anonymous_10)
FN:186,(anonymous_11)
FN:190,(anonymous_12)
FN:200,(anonymous_13)
FN:229,(anonymous_14)
FN:238,(anonymous_15)
FN:247,(anonymous_16)
FN:272,(anonymous_17)
FN:276,(anonymous_18)
FN:281,(anonymous_19)
FN:314,(anonymous_20)
FN:318,(anonymous_21)
FN:322,(anonymous_22)
FN:326,(anonymous_23)
FN:336,(anonymous_24)
FN:346,(anonymous_25)
FN:383,(anonymous_26)
FN:402,(anonymous_27)
FN:413,(anonymous_28)
FN:450,(anonymous_29)
FN:455,(anonymous_30)
FN:458,(anonymous_31)
FN:463,(anonymous_32)
FNF:33
FNH:25
FNDA:7,(anonymous_0)
FNDA:2,(anonymous_1)
FNDA:2,(anonymous_2)
FNDA:2,(anonymous_3)
FNDA:2,(anonymous_4)
FNDA:1,(anonymous_5)
FNDA:1,(anonymous_6)
FNDA:1,(anonymous_7)
FNDA:2,(anonymous_8)
FNDA:1,(anonymous_9)
FNDA:0,(anonymous_10)
FNDA:4,(anonymous_11)
FNDA:3,(anonymous_12)
FNDA:1,(anonymous_13)
FNDA:2,(anonymous_14)
FNDA:1,(anonymous_15)
FNDA:0,(anonymous_16)
FNDA:1,(anonymous_17)
FNDA:1,(anonymous_18)
FNDA:0,(anonymous_19)
FNDA:1,(anonymous_20)
FNDA:1,(anonymous_21)
FNDA:1,(anonymous_22)
FNDA:0,(anonymous_23)
FNDA:0,(anonymous_24)
FNDA:0,(anonymous_25)
FNDA:2,(anonymous_26)
FNDA:1,(anonymous_27)
FNDA:0,(anonymous_28)
FNDA:1,(anonymous_29)
FNDA:1,(anonymous_30)
FNDA:1,(anonymous_31)
FNDA:0,(anonymous_32)
DA:2,1
DA:3,7
DA:5,1
DA:6,1
DA:7,1
DA:8,1
DA:9,1
DA:10,1
DA:11,1
DA:12,1
DA:13,1
DA:14,1
DA:16,2
DA:19,2
DA:22,1
DA:23,2
DA:24,2
DA:27,0
DA:30,1
DA:38,1
DA:63,1
DA:64,2
DA:68,1
DA:71,1
DA:85,1
DA:88,1
DA:124,1
DA:125,2
DA:126,0
DA:129,2
DA:130,2
DA:131,1
DA:133,1
DA:140,1
DA:143,1
DA:158,0
DA:186,1
DA:187,4
DA:188,4
DA:191,3
DA:192,1
DA:195,2
DA:201,1
DA:229,1
DA:230,2
DA:232,2
DA:233,2
DA:234,1
DA:236,1
DA:239,1
DA:248,0
DA:272,1
DA:273,1
DA:274,1
DA:277,1
DA:282,0
DA:314,1
DA:315,1
DA:316,1
DA:319,1
DA:320,1
DA:323,1
DA:327,0
DA:334,1
DA:337,0
DA:341,0
DA:347,0
DA:351,1
DA:383,1
DA:385,2
DA:386,2
DA:387,1
DA:389,1
DA:390,1
DA:392,1
DA:393,1
DA:394,1
DA:400,1
DA:403,1
DA:414,0
DA:420,0
DA:450,1
DA:451,1
DA:452,1
DA:453,1
DA:456,1
DA:459,1
DA:464,0
DA:467,1
LF:89
LH:77
BRDA:2,0,0,1
BRDA:2,0,1,1
BRDA:2,0,2,1
BRDA:3,1,0,3
BRDA:3,1,1,4
BRDA:3,2,0,7
BRDA:3,2,1,7
BRDA:23,3,0,2
BRDA:23,3,1,0
BRDA:23,4,0,2
BRDA:23,4,1,0
BRDA:125,5,0,0
BRDA:125,5,1,2
BRDA:130,6,0,1
BRDA:130,6,1,1
BRDA:191,7,0,1
BRDA:191,7,1,2
BRDA:233,8,0,1
BRDA:233,8,1,1
BRDA:319,9,0,1
BRDA:319,9,1,0
BRDA:386,10,0,1
BRDA:386,10,1,1
BRDA:392,11,0,1
BRDA:392,11,1,0
BRDA:453,12,0,1
BRDA:453,12,1,1
BRF:27
BRH:22
end_of_record
TN:
SF:dist\routes\messages.js
FN:2,(anonymous_0)
FN:41,(anonymous_1)
FN:45,(anonymous_2)
FN:48,(anonymous_3)
FN:57,(anonymous_4)
FN:90,(anonymous_5)
FN:105,(anonymous_6)
FN:108,(anonymous_7)
FN:139,(anonymous_8)
FN:143,(anonymous_9)
FN:151,(anonymous_10)
FN:178,(anonymous_11)
FN:182,(anonymous_12)
FN:187,(anonymous_13)
FNF:14
FNH:9
FNDA:5,(anonymous_0)
FNDA:1,(anonymous_1)
FNDA:1,(anonymous_2)
FNDA:0,(anonymous_3)
FNDA:0,(anonymous_4)
FNDA:1,(anonymous_5)
FNDA:1,(anonymous_6)
FNDA:0,(anonymous_7)
FNDA:1,(anonymous_8)
FNDA:1,(anonymous_9)
FNDA:0,(anonymous_10)
FNDA:1,(anonymous_11)
FNDA:1,(anonymous_12)
FNDA:0,(anonymous_13)
DA:2,1
DA:3,5
DA:5,1
DA:6,1
DA:7,1
DA:8,1
DA:9,1
DA:10,1
DA:11,1
DA:13,1
DA:41,1
DA:42,1
DA:46,1
DA:48,0
DA:58,0
DA:90,1
DA:92,1
DA:93,1
DA:94,0
DA:96,1
DA:103,1
DA:106,1
DA:109,0
DA:139,1
DA:140,1
DA:141,1
DA:144,1
DA:145,1
DA:147,0
DA:152,0
DA:178,1
DA:179,1
DA:180,1
DA:183,1
DA:188,0
DA:193,1
LF:36
LH:29
BRDA:2,0,0,1
BRDA:2,0,1,1
BRDA:2,0,2,1
BRDA:3,1,0,2
BRDA:3,1,1,3
BRDA:3,2,0,5
BRDA:3,2,1,5
BRDA:93,3,0,0
BRDA:93,3,1,1
BRDA:144,4,0,1
BRDA:144,4,1,0
BRF:11
BRH:9
end_of_record
TN:
SF:dist\routes\projects.js
FN:2,(anonymous_0)
FN:15,(anonymous_1)
FN:18,(anonymous_2)
FN:22,(anonymous_3)
FN:67,(anonymous_4)
FN:71,(anonymous_5)
FN:74,(anonymous_6)
FN:89,(anonymous_7)
FN:117,(anonymous_8)
FN:129,(anonymous_9)
FN:142,(anonymous_10)
FN:158,(anonymous_11)
FN:162,(anonymous_12)
FN:199,(anonymous_13)
FN:203,(anonymous_14)
FN:213,(anonymous_15)
FN:250,(anonymous_16)
FN:259,(anonymous_17)
FN:268,(anonymous_18)
FN:293,(anonymous_19)
FN:297,(anonymous_20)
FN:300,(anonymous_21)
FNF:22
FNH:15
FNDA:7,(anonymous_0)
FNDA:1,(anonymous_1)
FNDA:1,(anonymous_2)
FNDA:1,(anonymous_3)
FNDA:1,(anonymous_4)
FNDA:1,(anonymous_5)
FNDA:0,(anonymous_6)
FNDA:0,(anonymous_7)
FNDA:2,(anonymous_8)
FNDA:2,(anonymous_9)
FNDA:1,(anonymous_10)
FNDA:0,(anonymous_11)
FNDA:0,(anonymous_12)
FNDA:1,(anonymous_13)
FNDA:1,(anonymous_14)
FNDA:0,(anonymous_15)
FNDA:1,(anonymous_16)
FNDA:1,(anonymous_17)
FNDA:0,(anonymous_18)
FNDA:1,(anonymous_19)
FNDA:1,(anonymous_20)
FNDA:0,(anonymous_21)
DA:2,1
DA:3,7
DA:5,1
DA:6,1
DA:7,1
DA:8,1
DA:9,1
DA:10,1
DA:11,1
DA:12,1
DA:13,1
DA:14,1
DA:16,1
DA:19,1
DA:22,1
DA:23,1
DA:24,1
DA:27,0
DA:30,1
DA:38,1
DA:67,1
DA:68,1
DA:72,1
DA:74,0
DA:87,1
DA:90,0
DA:117,1
DA:119,2
DA:120,2
DA:121,2
DA:122,0
DA:125,2
DA:126,2
DA:127,2
DA:130,2
DA:131,1
DA:133,1
DA:140,1
DA:143,1
DA:159,0
DA:163,0
DA:169,0
DA:199,1
DA:200,1
DA:201,1
DA:204,1
DA:205,1
DA:208,0
DA:214,0
DA:250,1
DA:251,1
DA:253,1
DA:254,1
DA:255,0
DA:257,1
DA:260,1
DA:269,0
DA:293,1
DA:294,1
DA:295,1
DA:298,1
DA:301,0
DA:304,1
LF:63
LH:51
BRDA:2,0,0,1
BRDA:2,0,1,1
BRDA:2,0,2,1
BRDA:3,1,0,3
BRDA:3,1,1,4
BRDA:3,2,0,7
BRDA:3,2,1,7
BRDA:23,3,0,1
BRDA:23,3,1,0
BRDA:23,4,0,1
BRDA:23,4,1,0
BRDA:121,5,0,0
BRDA:121,5,1,2
BRDA:125,6,0,2
BRDA:125,6,1,0
BRDA:127,7,0,2
BRDA:127,7,1,2
BRDA:130,8,0,1
BRDA:130,8,1,1
BRDA:204,9,0,1
BRDA:204,9,1,0
BRDA:254,10,0,0
BRDA:254,10,1,1
BRF:23
BRH:17
end_of_record
TN:
SF:dist\routes\user.js
FN:2,(anonymous_0)
FN:44,(anonymous_1)
FN:76,(anonymous_2)
FN:80,(anonymous_3)
FN:86,(anonymous_4)
FN:105,(anonymous_5)
FN:128,(anonymous_6)
FN:132,(anonymous_7)
FN:137,(anonymous_8)
FNF:9
FNH:5
FNDA:7,(anonymous_0)
FNDA:3,(anonymous_1)
FNDA:3,(anonymous_2)
FNDA:3,(anonymous_3)
FNDA:3,(anonymous_4)
FNDA:0,(anonymous_5)
FNDA:0,(anonymous_6)
FNDA:0,(anonymous_7)
FNDA:0,(anonymous_8)
DA:2,1
DA:3,7
DA:5,1
DA:6,1
DA:7,1
DA:8,1
DA:9,1
DA:10,1
DA:11,1
DA:12,1
DA:13,1
DA:14,1
DA:16,1
DA:44,1
DA:46,3
DA:47,3
DA:48,1
DA:50,2
DA:76,1
DA:77,3
DA:78,3
DA:81,3
DA:82,0
DA:86,3
DA:87,3
DA:88,2
DA:92,1
DA:98,1
DA:106,0
DA:128,1
DA:129,0
DA:130,0
DA:133,0
DA:138,0
DA:141,1
LF:35
LH:29
BRDA:2,0,0,1
BRDA:2,0,1,1
BRDA:2,0,2,1
BRDA:3,1,0,2
BRDA:3,1,1,5
BRDA:3,2,0,7
BRDA:3,2,1,7
BRDA:47,3,0,1
BRDA:47,3,1,2
BRDA:81,4,0,0
BRDA:81,4,1,3
BRDA:87,5,0,2
BRDA:87,5,1,1
BRDA:87,6,0,3
BRDA:87,6,1,2
BRF:15
BRH:14
end_of_record
